2024-11-25T14:27:51.404489+08:00 DXH-104-059 kernel: kernel_agent: __pgtable_l5_enabled: 0
2024-11-25T14:27:51.404515+08:00 DXH-104-059 kernel: kernel_agent: __seamcall address: ffffffff9bcfa910
2024-11-25T14:27:51.404518+08:00 DXH-104-059 kernel: kernel_agent: __seamcall_ret address: ffffffff9bcfa970
2024-11-25T14:27:51.404520+08:00 DXH-104-059 kernel: kernel_agent: __seamcall_saved_ret address: ffffffff9bcfa9e0
2024-11-25T14:27:51.404522+08:00 DXH-104-059 kernel: kernel_agent: tdx_vm_ioctl adress: ffffffffc0e28e40
2024-11-25T14:27:51.404524+08:00 DXH-104-059 kernel: kernel_agent: tdx_vcpu_ioctl adress: ffffffffc0e28ff0
2024-11-25T14:27:51.427553+08:00 DXH-104-059 kernel: kernel_agent: KProbe: registration successful
2024-11-25T14:27:51.427579+08:00 DXH-104-059 kernel: kernel_agent: vmm_agent loaded
2024-11-25T14:27:58.944579+08:00 DXH-104-059 kernel: kernel_agent: hooked  tdx_vm_ioctl() 
2024-11-25T14:27:58.944608+08:00 DXH-104-059 kernel: kernel_agent: ioctl: KVM_TDX_CAPABILITIES
2024-11-25T14:27:58.944611+08:00 DXH-104-059 kernel: 
2024-11-25T14:27:58.944614+08:00 DXH-104-059 kernel: kernel_agent: hooked  tdx_vm_ioctl() 
2024-11-25T14:27:58.944616+08:00 DXH-104-059 kernel: kernel_agent: ioctl: KVM_TDX_CAPABILITIES
2024-11-25T14:27:58.944618+08:00 DXH-104-059 kernel: 
2024-11-25T14:27:58.944620+08:00 DXH-104-059 kernel: kernel_agent: hooked  tdx_vm_ioctl() 
2024-11-25T14:27:58.944623+08:00 DXH-104-059 kernel: kernel_agent: ioctl: KVM_TDX_CAPABILITIES
2024-11-25T14:27:58.944624+08:00 DXH-104-059 kernel: 
2024-11-25T14:27:58.947573+08:00 DXH-104-059 kernel: kernel_agent: hooked  tdx_vm_ioctl() 
2024-11-25T14:27:58.947598+08:00 DXH-104-059 kernel: kernel_agent: ioctl: KVM_TDX_INIT_VM
2024-11-25T14:27:58.947601+08:00 DXH-104-059 kernel: 
2024-11-25T14:27:58.947603+08:00 DXH-104-059 kernel: kernel_agent: kvm __seamcall(): TDH_MNG_CREATE ------------------------------------ 
2024-11-25T14:27:58.947605+08:00 DXH-104-059 kernel: kernel_agent: RCX: to add tdr page pa: 0x1f9040000
2024-11-25T14:27:58.947607+08:00 DXH-104-059 kernel: kernel_agent: RDX: td hkid: 33
2024-11-25T14:27:58.947608+08:00 DXH-104-059 kernel: kernel_agent: kvm __seamcall(): TDH_MNG_KEY_CONFIG ------------------------------------ 
2024-11-25T14:27:58.947610+08:00 DXH-104-059 kernel: kernel_agent: RCX: tdr pa: 0x1f9040000
2024-11-25T14:27:58.948667+08:00 DXH-104-059 kernel: kernel_agent: kvm __seamcall(): TDH_MNG_ADDCX ------------------------------------ 
2024-11-25T14:27:58.948692+08:00 DXH-104-059 kernel: kernel_agent: RCX: to add tdcx page pa: 0x1d8832000
2024-11-25T14:27:58.948695+08:00 DXH-104-059 kernel: kernel_agent: RDX: tdr pa: 0x1f9040000
2024-11-25T14:27:58.948697+08:00 DXH-104-059 kernel: kernel_agent: kvm __seamcall(): TDH_MNG_ADDCX ------------------------------------ 
2024-11-25T14:27:58.948699+08:00 DXH-104-059 kernel: kernel_agent: RCX: to add tdcx page pa: 0x1fe8b7000
2024-11-25T14:27:58.948700+08:00 DXH-104-059 kernel: kernel_agent: RDX: tdr pa: 0x1f9040000
2024-11-25T14:27:58.948702+08:00 DXH-104-059 kernel: kernel_agent: kvm __seamcall(): TDH_MNG_ADDCX ------------------------------------ 
2024-11-25T14:27:58.948704+08:00 DXH-104-059 kernel: kernel_agent: RCX: to add tdcx page pa: 0x13bd31000
2024-11-25T14:27:58.948705+08:00 DXH-104-059 kernel: kernel_agent: RDX: tdr pa: 0x1f9040000
2024-11-25T14:27:58.948707+08:00 DXH-104-059 kernel: kernel_agent: kvm __seamcall(): TDH_MNG_ADDCX ------------------------------------ 
2024-11-25T14:27:58.948708+08:00 DXH-104-059 kernel: kernel_agent: RCX: to add tdcx page pa: 0x2023b1000
2024-11-25T14:27:58.948710+08:00 DXH-104-059 kernel: kernel_agent: RDX: tdr pa: 0x1f9040000
2024-11-25T14:27:58.948711+08:00 DXH-104-059 kernel: kernel_agent: kvm __seamcall(): TDH_MNG_ADDCX ------------------------------------ 
2024-11-25T14:27:58.948712+08:00 DXH-104-059 kernel: kernel_agent: RCX: to add tdcx page pa: 0x1d891a000
2024-11-25T14:27:58.948714+08:00 DXH-104-059 kernel: kernel_agent: RDX: tdr pa: 0x1f9040000
2024-11-25T14:27:58.948715+08:00 DXH-104-059 kernel: kernel_agent: kvm __seamcall(): TDH_MNG_ADDCX ------------------------------------ 
2024-11-25T14:27:58.948717+08:00 DXH-104-059 kernel: kernel_agent: RCX: to add tdcx page pa: 0x1ff7b1000
2024-11-25T14:27:58.948718+08:00 DXH-104-059 kernel: kernel_agent: RDX: tdr pa: 0x1f9040000
2024-11-25T14:27:58.948719+08:00 DXH-104-059 kernel: kernel_agent: kvm __seamcall_ret: TDH_MNG_INIT ------------------------------------ 
2024-11-25T14:27:58.948721+08:00 DXH-104-059 kernel: kernel_agent: RCX: tdr pa: 0x1f9040000
2024-11-25T14:27:58.948722+08:00 DXH-104-059 kernel: kernel_agent: RDX: TD_PARAMS_STRUCT pa: 0x123ff7c00
2024-11-25T14:27:58.948723+08:00 DXH-104-059 kernel: kernel_agent: TD_PARAMS_STRUCT va: 0xffff959fa3ff7c00
2024-11-25T14:27:58.948725+08:00 DXH-104-059 kernel: kernel_agent:  --- TD_PARAMS data --- 
2024-11-25T14:27:58.948726+08:00 DXH-104-059 kernel: kernel_agent: td_params attributes: 0x10000000
2024-11-25T14:27:58.948727+08:00 DXH-104-059 kernel: kernel_agent: td_params attributes: 0x10000000
2024-11-25T14:27:58.948734+08:00 DXH-104-059 kernel: kernel_agent: td_params xfam: 602e7
2024-11-25T14:27:58.948736+08:00 DXH-104-059 kernel: kernel_agent: td_params max_vcpus: 16
2024-11-25T14:27:58.948738+08:00 DXH-104-059 kernel: kernel_agent: td_params eptp_controls: 0x26
2024-11-25T14:27:58.948740+08:00 DXH-104-059 kernel: kernel_agent: td_params exec_controls: 0x1
2024-11-25T14:27:58.948742+08:00 DXH-104-059 kernel: kernel_agent: td_params attributes: 0x58
2024-11-25T14:27:58.948743+08:00 DXH-104-059 kernel: kernel_agent: td_params mrconfigid[0]: 0x0000000000000000
2024-11-25T14:27:58.948744+08:00 DXH-104-059 kernel: kernel_agent: td_params mrconfigid[1]: 0x0000000000000000
2024-11-25T14:27:58.948745+08:00 DXH-104-059 kernel: kernel_agent: td_params mrconfigid[2]: 0x0000000000000000
2024-11-25T14:27:58.948747+08:00 DXH-104-059 kernel: kernel_agent: td_params mrconfigid[3]: 0x0000000000000000
2024-11-25T14:27:58.948748+08:00 DXH-104-059 kernel: kernel_agent: td_params mrconfigid[4]: 0x0000000000000000
2024-11-25T14:27:58.948749+08:00 DXH-104-059 kernel: kernel_agent: td_params mrconfigid[5]: 0x0000000000000000
2024-11-25T14:27:58.948751+08:00 DXH-104-059 kernel: kernel_agent: td_params mrowner[0]: 0x0000000000000000
2024-11-25T14:27:58.948752+08:00 DXH-104-059 kernel: kernel_agent: td_params mrowner[1]: 0x0000000000000000
2024-11-25T14:27:58.948754+08:00 DXH-104-059 kernel: kernel_agent: td_params mrowner[2]: 0x0000000000000000
2024-11-25T14:27:58.948755+08:00 DXH-104-059 kernel: kernel_agent: td_params mrowner[3]: 0x0000000000000000
2024-11-25T14:27:58.948756+08:00 DXH-104-059 kernel: kernel_agent: td_params mrowner[4]: 0x0000000000000000
2024-11-25T14:27:58.948758+08:00 DXH-104-059 kernel: kernel_agent: td_params mrowner[5]: 0x0000000000000000
2024-11-25T14:27:58.948759+08:00 DXH-104-059 kernel: kernel_agent: td_params mrownerconfig[0]: 0x0000000000000000
2024-11-25T14:27:58.948760+08:00 DXH-104-059 kernel: kernel_agent: td_params mrownerconfig[1]: 0x0000000000000000
2024-11-25T14:27:58.948762+08:00 DXH-104-059 kernel: kernel_agent: td_params mrownerconfig[2]: 0x0000000000000000
2024-11-25T14:27:58.948763+08:00 DXH-104-059 kernel: kernel_agent: td_params mrownerconfig[3]: 0x0000000000000000
2024-11-25T14:27:58.948764+08:00 DXH-104-059 kernel: kernel_agent: td_params mrownerconfig[4]: 0x0000000000000000
2024-11-25T14:27:58.948765+08:00 DXH-104-059 kernel: kernel_agent: td_params mrownerconfig[5]: 0x0000000000000000
2024-11-25T14:27:58.948767+08:00 DXH-104-059 kernel: kernel_agent: kvm __seamcall_ret: TDH_MNG_RD ------------------------------------ 
2024-11-25T14:27:59.062566+08:00 DXH-104-059 kernel: NET: Registered PF_VSOCK protocol family
2024-11-25T14:27:59.089552+08:00 DXH-104-059 kernel: kernel_agent: hooked  tdx_vcpu_ioctl() 
2024-11-25T14:27:59.089579+08:00 DXH-104-059 kernel: kernel_agent: ioctl: KVM_TDX_INIT_VCPU
2024-11-25T14:27:59.089581+08:00 DXH-104-059 kernel: 
2024-11-25T14:27:59.089585+08:00 DXH-104-059 kernel: kernel_agent: kvm __seamcall(): TDH_VP_CREATE ------------------------------------ 
2024-11-25T14:27:59.089587+08:00 DXH-104-059 kernel: kernel_agent: RCX: to add tdvpr page pa: 0x11df52000
2024-11-25T14:27:59.089588+08:00 DXH-104-059 kernel: kernel_agent: RDX: tdr pa: 0x1f9040000
2024-11-25T14:27:59.089590+08:00 DXH-104-059 kernel: kernel_agent: kvm __seamcall(): TDH_VP_ADDCX ------------------------------------ 
2024-11-25T14:27:59.089591+08:00 DXH-104-059 kernel: kernel_agent: RCX: to add tdcx page pa: 0x1ffa12000
2024-11-25T14:27:59.089593+08:00 DXH-104-059 kernel: kernel_agent: RDX: tdvpr pa: 0x11df52000
2024-11-25T14:27:59.089595+08:00 DXH-104-059 kernel: kernel_agent: kvm __seamcall(): TDH_VP_ADDCX ------------------------------------ 
2024-11-25T14:27:59.089596+08:00 DXH-104-059 kernel: kernel_agent: RCX: to add tdcx page pa: 0x1e0b30000
2024-11-25T14:27:59.089598+08:00 DXH-104-059 kernel: kernel_agent: RDX: tdvpr pa: 0x11df52000
2024-11-25T14:27:59.089599+08:00 DXH-104-059 kernel: kernel_agent: kvm __seamcall(): TDH_VP_ADDCX ------------------------------------ 
2024-11-25T14:27:59.089600+08:00 DXH-104-059 kernel: kernel_agent: RCX: to add tdcx page pa: 0x1782f7000
2024-11-25T14:27:59.089602+08:00 DXH-104-059 kernel: kernel_agent: RDX: tdvpr pa: 0x11df52000
2024-11-25T14:27:59.089603+08:00 DXH-104-059 kernel: kernel_agent: kvm __seamcall(): TDH_VP_ADDCX ------------------------------------ 
2024-11-25T14:27:59.089604+08:00 DXH-104-059 kernel: kernel_agent: RCX: to add tdcx page pa: 0x130104000
2024-11-25T14:27:59.089606+08:00 DXH-104-059 kernel: kernel_agent: RDX: tdvpr pa: 0x11df52000
2024-11-25T14:27:59.089607+08:00 DXH-104-059 kernel: kernel_agent: kvm __seamcall(): TDH_VP_ADDCX ------------------------------------ 
2024-11-25T14:27:59.089608+08:00 DXH-104-059 kernel: kernel_agent: RCX: to add tdcx page pa: 0x1e4298000
2024-11-25T14:27:59.089610+08:00 DXH-104-059 kernel: kernel_agent: RDX: tdvpr pa: 0x11df52000
2024-11-25T14:27:59.089611+08:00 DXH-104-059 kernel: kernel_agent: kvm __seamcall(): TDH_VP_INIT ------------------------------------ 
2024-11-25T14:27:59.089612+08:00 DXH-104-059 kernel: kernel_agent: RCX: tdvpr pa: 0x11df52000
2024-11-25T14:27:59.089614+08:00 DXH-104-059 kernel: kernel_agent: RDX: td initial vcpu rcx: 0x809000
2024-11-25T14:27:59.089615+08:00 DXH-104-059 kernel: kernel_agent: R8: x2apic_id, if leaf version > 0: 0x0
2024-11-25T14:27:59.089616+08:00 DXH-104-059 kernel: kernel_agent: kvm __seamcall_ret: TDH_VP_WR ------------------------------------ 
2024-11-25T14:27:59.089617+08:00 DXH-104-059 kernel: kernel_agent: RCX: tdvpr pa: 0x11df52000
2024-11-25T14:27:59.089619+08:00 DXH-104-059 kernel: kernel_agent: RDX: field identifier: 0x2
2024-11-25T14:27:59.089621+08:00 DXH-104-059 kernel: kernel_agent: R8: field value: 0xf2
2024-11-25T14:27:59.089622+08:00 DXH-104-059 kernel: kernel_agent: R9: 64b write mask: 0xffff
2024-11-25T14:27:59.089624+08:00 DXH-104-059 kernel: kernel_agent: kvm __seamcall_ret: TDH_VP_WR ------------------------------------ 
2024-11-25T14:27:59.089625+08:00 DXH-104-059 kernel: kernel_agent: RCX: tdvpr pa: 0x11df52000
2024-11-25T14:27:59.089626+08:00 DXH-104-059 kernel: kernel_agent: RDX: field identifier: 0x2016
2024-11-25T14:27:59.089627+08:00 DXH-104-059 kernel: kernel_agent: R8: field value: 0x2026d3e40
2024-11-25T14:27:59.089629+08:00 DXH-104-059 kernel: kernel_agent: R9: 64b write mask: 0xffffffffffffffff
2024-11-25T14:27:59.089630+08:00 DXH-104-059 kernel: kernel_agent: kvm __seamcall_ret: TDH_VP_WR ------------------------------------ 
2024-11-25T14:27:59.089631+08:00 DXH-104-059 kernel: kernel_agent: RCX: tdvpr pa: 0x11df52000
2024-11-25T14:27:59.089633+08:00 DXH-104-059 kernel: kernel_agent: RDX: field identifier: 0x4000
2024-11-25T14:27:59.089634+08:00 DXH-104-059 kernel: kernel_agent: R8: field value: 0x80
2024-11-25T14:27:59.089635+08:00 DXH-104-059 kernel: kernel_agent: R9: 64b write mask: 0x80
2024-11-25T14:27:59.089665+08:00 DXH-104-059 kernel: kernel_agent: hooked  tdx_vcpu_ioctl() 
2024-11-25T14:27:59.089667+08:00 DXH-104-059 kernel: kernel_agent: ioctl: KVM_TDX_INIT_VCPU
2024-11-25T14:27:59.089668+08:00 DXH-104-059 kernel: 
2024-11-25T14:27:59.089670+08:00 DXH-104-059 kernel: kernel_agent: kvm __seamcall(): TDH_VP_CREATE ------------------------------------ 
2024-11-25T14:27:59.089671+08:00 DXH-104-059 kernel: kernel_agent: RCX: to add tdvpr page pa: 0x1e6598000
2024-11-25T14:27:59.089672+08:00 DXH-104-059 kernel: kernel_agent: RDX: tdr pa: 0x1f9040000
2024-11-25T14:27:59.089674+08:00 DXH-104-059 kernel: kernel_agent: kvm __seamcall(): TDH_VP_ADDCX ------------------------------------ 
2024-11-25T14:27:59.089675+08:00 DXH-104-059 kernel: kernel_agent: RCX: to add tdcx page pa: 0x1ffbac000
2024-11-25T14:27:59.089676+08:00 DXH-104-059 kernel: kernel_agent: RDX: tdvpr pa: 0x1e6598000
2024-11-25T14:27:59.089678+08:00 DXH-104-059 kernel: kernel_agent: kvm __seamcall(): TDH_VP_ADDCX ------------------------------------ 
2024-11-25T14:27:59.089680+08:00 DXH-104-059 kernel: kernel_agent: RCX: to add tdcx page pa: 0x10b92a000
2024-11-25T14:27:59.089681+08:00 DXH-104-059 kernel: kernel_agent: RDX: tdvpr pa: 0x1e6598000
2024-11-25T14:27:59.089682+08:00 DXH-104-059 kernel: kernel_agent: kvm __seamcall(): TDH_VP_ADDCX ------------------------------------ 
2024-11-25T14:27:59.089684+08:00 DXH-104-059 kernel: kernel_agent: RCX: to add tdcx page pa: 0x1f902d000
2024-11-25T14:27:59.089685+08:00 DXH-104-059 kernel: kernel_agent: RDX: tdvpr pa: 0x1e6598000
2024-11-25T14:27:59.089693+08:00 DXH-104-059 kernel: kernel_agent: kvm __seamcall(): TDH_VP_ADDCX ------------------------------------ 
2024-11-25T14:27:59.089730+08:00 DXH-104-059 kernel: kernel_agent: RCX: to add tdcx page pa: 0x1e3b49000
2024-11-25T14:27:59.089733+08:00 DXH-104-059 kernel: kernel_agent: RDX: tdvpr pa: 0x1e6598000
2024-11-25T14:27:59.089750+08:00 DXH-104-059 kernel: kernel_agent: kvm __seamcall(): TDH_VP_ADDCX ------------------------------------ 
2024-11-25T14:27:59.089752+08:00 DXH-104-059 kernel: kernel_agent: RCX: to add tdcx page pa: 0x1785f4000
2024-11-25T14:27:59.089754+08:00 DXH-104-059 kernel: kernel_agent: RDX: tdvpr pa: 0x1e6598000
2024-11-25T14:27:59.089756+08:00 DXH-104-059 kernel: kernel_agent: kvm __seamcall(): TDH_VP_INIT ------------------------------------ 
2024-11-25T14:27:59.089758+08:00 DXH-104-059 kernel: kernel_agent: RCX: tdvpr pa: 0x1e6598000
2024-11-25T14:27:59.089760+08:00 DXH-104-059 kernel: kernel_agent: RDX: td initial vcpu rcx: 0x809000
2024-11-25T14:27:59.089762+08:00 DXH-104-059 kernel: kernel_agent: R8: x2apic_id, if leaf version > 0: 0x0
2024-11-25T14:27:59.089764+08:00 DXH-104-059 kernel: kernel_agent: kvm __seamcall_ret: TDH_VP_WR ------------------------------------ 
2024-11-25T14:27:59.089766+08:00 DXH-104-059 kernel: kernel_agent: RCX: tdvpr pa: 0x1e6598000
2024-11-25T14:27:59.089768+08:00 DXH-104-059 kernel: kernel_agent: RDX: field identifier: 0x2
2024-11-25T14:27:59.089770+08:00 DXH-104-059 kernel: kernel_agent: R8: field value: 0xf2
2024-11-25T14:27:59.089771+08:00 DXH-104-059 kernel: kernel_agent: R9: 64b write mask: 0xffff
2024-11-25T14:27:59.089787+08:00 DXH-104-059 kernel: kernel_agent: kvm __seamcall_ret: TDH_VP_WR ------------------------------------ 
2024-11-25T14:27:59.089788+08:00 DXH-104-059 kernel: kernel_agent: RCX: tdvpr pa: 0x1e6598000
2024-11-25T14:27:59.089790+08:00 DXH-104-059 kernel: kernel_agent: RDX: field identifier: 0x2016
2024-11-25T14:27:59.089792+08:00 DXH-104-059 kernel: kernel_agent: R8: field value: 0x1ff6ce240
2024-11-25T14:27:59.089794+08:00 DXH-104-059 kernel: kernel_agent: R9: 64b write mask: 0xffffffffffffffff
2024-11-25T14:27:59.089796+08:00 DXH-104-059 kernel: kernel_agent: kvm __seamcall_ret: TDH_VP_WR ------------------------------------ 
2024-11-25T14:27:59.089798+08:00 DXH-104-059 kernel: kernel_agent: RCX: tdvpr pa: 0x1e6598000
2024-11-25T14:27:59.089799+08:00 DXH-104-059 kernel: kernel_agent: RDX: field identifier: 0x4000
2024-11-25T14:27:59.089801+08:00 DXH-104-059 kernel: kernel_agent: R8: field value: 0x80
2024-11-25T14:27:59.089803+08:00 DXH-104-059 kernel: kernel_agent: R9: 64b write mask: 0x80
2024-11-25T14:27:59.090586+08:00 DXH-104-059 kernel: kernel_agent: hooked  tdx_vcpu_ioctl() 
2024-11-25T14:27:59.090612+08:00 DXH-104-059 kernel: kernel_agent: ioctl: KVM_TDX_INIT_VCPU
2024-11-25T14:27:59.090614+08:00 DXH-104-059 kernel: 
2024-11-25T14:27:59.090616+08:00 DXH-104-059 kernel: kernel_agent: kvm __seamcall(): TDH_VP_CREATE ------------------------------------ 
2024-11-25T14:27:59.090618+08:00 DXH-104-059 kernel: kernel_agent: RCX: to add tdvpr page pa: 0x200720000
2024-11-25T14:27:59.090620+08:00 DXH-104-059 kernel: kernel_agent: RDX: tdr pa: 0x1f9040000
2024-11-25T14:27:59.090621+08:00 DXH-104-059 kernel: kernel_agent: kvm __seamcall(): TDH_VP_ADDCX ------------------------------------ 
2024-11-25T14:27:59.090622+08:00 DXH-104-059 kernel: kernel_agent: RCX: to add tdcx page pa: 0x123d53000
2024-11-25T14:27:59.090624+08:00 DXH-104-059 kernel: kernel_agent: RDX: tdvpr pa: 0x200720000
2024-11-25T14:27:59.090626+08:00 DXH-104-059 kernel: kernel_agent: kvm __seamcall(): TDH_VP_ADDCX ------------------------------------ 
2024-11-25T14:27:59.090627+08:00 DXH-104-059 kernel: kernel_agent: RCX: to add tdcx page pa: 0x1f3599000
2024-11-25T14:27:59.090628+08:00 DXH-104-059 kernel: kernel_agent: RDX: tdvpr pa: 0x200720000
2024-11-25T14:27:59.090630+08:00 DXH-104-059 kernel: kernel_agent: kvm __seamcall(): TDH_VP_ADDCX ------------------------------------ 
2024-11-25T14:27:59.090631+08:00 DXH-104-059 kernel: kernel_agent: RCX: to add tdcx page pa: 0x13c859000
2024-11-25T14:27:59.090632+08:00 DXH-104-059 kernel: kernel_agent: RDX: tdvpr pa: 0x200720000
2024-11-25T14:27:59.090633+08:00 DXH-104-059 kernel: kernel_agent: kvm __seamcall(): TDH_VP_ADDCX ------------------------------------ 
2024-11-25T14:27:59.090635+08:00 DXH-104-059 kernel: kernel_agent: RCX: to add tdcx page pa: 0x1c0b67000
2024-11-25T14:27:59.090636+08:00 DXH-104-059 kernel: kernel_agent: RDX: tdvpr pa: 0x200720000
2024-11-25T14:27:59.090637+08:00 DXH-104-059 kernel: kernel_agent: kvm __seamcall(): TDH_VP_ADDCX ------------------------------------ 
2024-11-25T14:27:59.090638+08:00 DXH-104-059 kernel: kernel_agent: RCX: to add tdcx page pa: 0x1f796f000
2024-11-25T14:27:59.090640+08:00 DXH-104-059 kernel: kernel_agent: RDX: tdvpr pa: 0x200720000
2024-11-25T14:27:59.090641+08:00 DXH-104-059 kernel: kernel_agent: kvm __seamcall(): TDH_VP_INIT ------------------------------------ 
2024-11-25T14:27:59.090642+08:00 DXH-104-059 kernel: kernel_agent: RCX: tdvpr pa: 0x200720000
2024-11-25T14:27:59.090644+08:00 DXH-104-059 kernel: kernel_agent: RDX: td initial vcpu rcx: 0x809000
2024-11-25T14:27:59.090645+08:00 DXH-104-059 kernel: kernel_agent: R8: x2apic_id, if leaf version > 0: 0x0
2024-11-25T14:27:59.090646+08:00 DXH-104-059 kernel: kernel_agent: kvm __seamcall_ret: TDH_VP_WR ------------------------------------ 
2024-11-25T14:27:59.090647+08:00 DXH-104-059 kernel: kernel_agent: RCX: tdvpr pa: 0x200720000
2024-11-25T14:27:59.090648+08:00 DXH-104-059 kernel: kernel_agent: RDX: field identifier: 0x2
2024-11-25T14:27:59.090650+08:00 DXH-104-059 kernel: kernel_agent: R8: field value: 0xf2
2024-11-25T14:27:59.090652+08:00 DXH-104-059 kernel: kernel_agent: R9: 64b write mask: 0xffff
2024-11-25T14:27:59.090653+08:00 DXH-104-059 kernel: kernel_agent: kvm __seamcall_ret: TDH_VP_WR ------------------------------------ 
2024-11-25T14:27:59.090654+08:00 DXH-104-059 kernel: kernel_agent: RCX: tdvpr pa: 0x200720000
2024-11-25T14:27:59.090655+08:00 DXH-104-059 kernel: kernel_agent: RDX: field identifier: 0x2016
2024-11-25T14:27:59.090656+08:00 DXH-104-059 kernel: kernel_agent: R8: field value: 0x1e7f11a40
2024-11-25T14:27:59.090658+08:00 DXH-104-059 kernel: kernel_agent: R9: 64b write mask: 0xffffffffffffffff
2024-11-25T14:27:59.090659+08:00 DXH-104-059 kernel: kernel_agent: kvm __seamcall_ret: TDH_VP_WR ------------------------------------ 
2024-11-25T14:27:59.090660+08:00 DXH-104-059 kernel: kernel_agent: RCX: tdvpr pa: 0x200720000
2024-11-25T14:27:59.090662+08:00 DXH-104-059 kernel: kernel_agent: RDX: field identifier: 0x4000
2024-11-25T14:27:59.090663+08:00 DXH-104-059 kernel: kernel_agent: R8: field value: 0x80
2024-11-25T14:27:59.090664+08:00 DXH-104-059 kernel: kernel_agent: R9: 64b write mask: 0x80
2024-11-25T14:27:59.090665+08:00 DXH-104-059 kernel: kernel_agent: hooked  tdx_vcpu_ioctl() 
2024-11-25T14:27:59.090666+08:00 DXH-104-059 kernel: kernel_agent: ioctl: KVM_TDX_INIT_VCPU
2024-11-25T14:27:59.090667+08:00 DXH-104-059 kernel: 
2024-11-25T14:27:59.090669+08:00 DXH-104-059 kernel: kernel_agent: kvm __seamcall(): TDH_VP_CREATE ------------------------------------ 
2024-11-25T14:27:59.090670+08:00 DXH-104-059 kernel: kernel_agent: RCX: to add tdvpr page pa: 0x1f7a35000
2024-11-25T14:27:59.090671+08:00 DXH-104-059 kernel: kernel_agent: RDX: tdr pa: 0x1f9040000
2024-11-25T14:27:59.090672+08:00 DXH-104-059 kernel: kernel_agent: kvm __seamcall(): TDH_VP_ADDCX ------------------------------------ 
2024-11-25T14:27:59.090673+08:00 DXH-104-059 kernel: kernel_agent: RCX: to add tdcx page pa: 0x1ed55f000
2024-11-25T14:27:59.090675+08:00 DXH-104-059 kernel: kernel_agent: RDX: tdvpr pa: 0x1f7a35000
2024-11-25T14:27:59.090676+08:00 DXH-104-059 kernel: kernel_agent: kvm __seamcall(): TDH_VP_ADDCX ------------------------------------ 
2024-11-25T14:27:59.090678+08:00 DXH-104-059 kernel: kernel_agent: RCX: to add tdcx page pa: 0x1e3aa5000
2024-11-25T14:27:59.090679+08:00 DXH-104-059 kernel: kernel_agent: RDX: tdvpr pa: 0x1f7a35000
2024-11-25T14:27:59.090680+08:00 DXH-104-059 kernel: kernel_agent: kvm __seamcall(): TDH_VP_ADDCX ------------------------------------ 
2024-11-25T14:27:59.090681+08:00 DXH-104-059 kernel: kernel_agent: RCX: to add tdcx page pa: 0x1e648b000
2024-11-25T14:27:59.090683+08:00 DXH-104-059 kernel: kernel_agent: RDX: tdvpr pa: 0x1f7a35000
2024-11-25T14:27:59.090684+08:00 DXH-104-059 kernel: kernel_agent: kvm __seamcall(): TDH_VP_ADDCX ------------------------------------ 
2024-11-25T14:27:59.090685+08:00 DXH-104-059 kernel: kernel_agent: RCX: to add tdcx page pa: 0x14d9c6000
2024-11-25T14:27:59.090686+08:00 DXH-104-059 kernel: kernel_agent: RDX: tdvpr pa: 0x1f7a35000
2024-11-25T14:27:59.090688+08:00 DXH-104-059 kernel: kernel_agent: kvm __seamcall(): TDH_VP_ADDCX ------------------------------------ 
2024-11-25T14:27:59.090689+08:00 DXH-104-059 kernel: kernel_agent: RCX: to add tdcx page pa: 0x1d709f000
2024-11-25T14:27:59.090690+08:00 DXH-104-059 kernel: kernel_agent: RDX: tdvpr pa: 0x1f7a35000
2024-11-25T14:27:59.090691+08:00 DXH-104-059 kernel: kernel_agent: kvm __seamcall(): TDH_VP_INIT ------------------------------------ 
2024-11-25T14:27:59.090693+08:00 DXH-104-059 kernel: kernel_agent: RCX: tdvpr pa: 0x1f7a35000
2024-11-25T14:27:59.090694+08:00 DXH-104-059 kernel: kernel_agent: RDX: td initial vcpu rcx: 0x809000
2024-11-25T14:27:59.090695+08:00 DXH-104-059 kernel: kernel_agent: R8: x2apic_id, if leaf version > 0: 0x0
2024-11-25T14:27:59.090696+08:00 DXH-104-059 kernel: kernel_agent: kvm __seamcall_ret: TDH_VP_WR ------------------------------------ 
2024-11-25T14:27:59.090697+08:00 DXH-104-059 kernel: kernel_agent: RCX: tdvpr pa: 0x1f7a35000
2024-11-25T14:27:59.090699+08:00 DXH-104-059 kernel: kernel_agent: RDX: field identifier: 0x2
2024-11-25T14:27:59.090700+08:00 DXH-104-059 kernel: kernel_agent: R8: field value: 0xf2
2024-11-25T14:27:59.090702+08:00 DXH-104-059 kernel: kernel_agent: R9: 64b write mask: 0xffff
2024-11-25T14:27:59.090703+08:00 DXH-104-059 kernel: kernel_agent: kvm __seamcall_ret: TDH_VP_WR ------------------------------------ 
2024-11-25T14:27:59.090704+08:00 DXH-104-059 kernel: kernel_agent: RCX: tdvpr pa: 0x1f7a35000
2024-11-25T14:27:59.090705+08:00 DXH-104-059 kernel: kernel_agent: RDX: field identifier: 0x2016
2024-11-25T14:27:59.090707+08:00 DXH-104-059 kernel: kernel_agent: R8: field value: 0x201b81a40
2024-11-25T14:27:59.090708+08:00 DXH-104-059 kernel: kernel_agent: R9: 64b write mask: 0xffffffffffffffff
2024-11-25T14:27:59.090709+08:00 DXH-104-059 kernel: kernel_agent: kvm __seamcall_ret: TDH_VP_WR ------------------------------------ 
2024-11-25T14:27:59.090710+08:00 DXH-104-059 kernel: kernel_agent: RCX: tdvpr pa: 0x1f7a35000
2024-11-25T14:27:59.090711+08:00 DXH-104-059 kernel: kernel_agent: RDX: field identifier: 0x4000
2024-11-25T14:27:59.090713+08:00 DXH-104-059 kernel: kernel_agent: R8: field value: 0x80
2024-11-25T14:27:59.090714+08:00 DXH-104-059 kernel: kernel_agent: R9: 64b write mask: 0x80
2024-11-25T14:27:59.090716+08:00 DXH-104-059 kernel: kernel_agent: hooked  tdx_vcpu_ioctl() 
2024-11-25T14:27:59.090751+08:00 DXH-104-059 kernel: kernel_agent: ioctl: KVM_TDX_INIT_VCPU
2024-11-25T14:27:59.090753+08:00 DXH-104-059 kernel: 
2024-11-25T14:27:59.090755+08:00 DXH-104-059 kernel: kernel_agent: kvm __seamcall(): TDH_VP_CREATE ------------------------------------ 
2024-11-25T14:27:59.090757+08:00 DXH-104-059 kernel: kernel_agent: RCX: to add tdvpr page pa: 0x12a90d000
2024-11-25T14:27:59.090758+08:00 DXH-104-059 kernel: kernel_agent: RDX: tdr pa: 0x1f9040000
2024-11-25T14:27:59.090760+08:00 DXH-104-059 kernel: kernel_agent: kvm __seamcall(): TDH_VP_ADDCX ------------------------------------ 
2024-11-25T14:27:59.090762+08:00 DXH-104-059 kernel: kernel_agent: RCX: to add tdcx page pa: 0x14d520000
2024-11-25T14:27:59.090764+08:00 DXH-104-059 kernel: kernel_agent: RDX: tdvpr pa: 0x12a90d000
2024-11-25T14:27:59.090805+08:00 DXH-104-059 kernel: kernel_agent: kvm __seamcall(): TDH_VP_ADDCX ------------------------------------ 
2024-11-25T14:27:59.090807+08:00 DXH-104-059 kernel: kernel_agent: RCX: to add tdcx page pa: 0x200a6d000
2024-11-25T14:27:59.090809+08:00 DXH-104-059 kernel: kernel_agent: RDX: tdvpr pa: 0x12a90d000
2024-11-25T14:27:59.090811+08:00 DXH-104-059 kernel: kernel_agent: kvm __seamcall(): TDH_VP_ADDCX ------------------------------------ 
2024-11-25T14:27:59.090813+08:00 DXH-104-059 kernel: kernel_agent: RCX: to add tdcx page pa: 0x123d92000
2024-11-25T14:27:59.090815+08:00 DXH-104-059 kernel: kernel_agent: RDX: tdvpr pa: 0x12a90d000
2024-11-25T14:27:59.090816+08:00 DXH-104-059 kernel: kernel_agent: kvm __seamcall(): TDH_VP_ADDCX ------------------------------------ 
2024-11-25T14:27:59.090818+08:00 DXH-104-059 kernel: kernel_agent: RCX: to add tdcx page pa: 0x1e3e6b000
2024-11-25T14:27:59.090820+08:00 DXH-104-059 kernel: kernel_agent: RDX: tdvpr pa: 0x12a90d000
2024-11-25T14:27:59.090822+08:00 DXH-104-059 kernel: kernel_agent: kvm __seamcall(): TDH_VP_ADDCX ------------------------------------ 
2024-11-25T14:27:59.090824+08:00 DXH-104-059 kernel: kernel_agent: RCX: to add tdcx page pa: 0x10b972000
2024-11-25T14:27:59.090826+08:00 DXH-104-059 kernel: kernel_agent: RDX: tdvpr pa: 0x12a90d000
2024-11-25T14:27:59.090828+08:00 DXH-104-059 kernel: kernel_agent: kvm __seamcall(): TDH_VP_INIT ------------------------------------ 
2024-11-25T14:27:59.090829+08:00 DXH-104-059 kernel: kernel_agent: RCX: tdvpr pa: 0x12a90d000
2024-11-25T14:27:59.090831+08:00 DXH-104-059 kernel: kernel_agent: RDX: td initial vcpu rcx: 0x809000
2024-11-25T14:27:59.090833+08:00 DXH-104-059 kernel: kernel_agent: R8: x2apic_id, if leaf version > 0: 0x0
2024-11-25T14:27:59.090835+08:00 DXH-104-059 kernel: kernel_agent: kvm __seamcall_ret: TDH_VP_WR ------------------------------------ 
2024-11-25T14:27:59.090837+08:00 DXH-104-059 kernel: kernel_agent: RCX: tdvpr pa: 0x12a90d000
2024-11-25T14:27:59.090839+08:00 DXH-104-059 kernel: kernel_agent: RDX: field identifier: 0x2
2024-11-25T14:27:59.090841+08:00 DXH-104-059 kernel: kernel_agent: R8: field value: 0xf2
2024-11-25T14:27:59.090842+08:00 DXH-104-059 kernel: kernel_agent: R9: 64b write mask: 0xffff
2024-11-25T14:27:59.090844+08:00 DXH-104-059 kernel: kernel_agent: kvm __seamcall_ret: TDH_VP_WR ------------------------------------ 
2024-11-25T14:27:59.090845+08:00 DXH-104-059 kernel: kernel_agent: RCX: tdvpr pa: 0x12a90d000
2024-11-25T14:27:59.090847+08:00 DXH-104-059 kernel: kernel_agent: RDX: field identifier: 0x2016
2024-11-25T14:27:59.090849+08:00 DXH-104-059 kernel: kernel_agent: R8: field value: 0x1e4afbe40
2024-11-25T14:27:59.090850+08:00 DXH-104-059 kernel: kernel_agent: R9: 64b write mask: 0xffffffffffffffff
2024-11-25T14:27:59.090852+08:00 DXH-104-059 kernel: kernel_agent: kvm __seamcall_ret: TDH_VP_WR ------------------------------------ 
2024-11-25T14:27:59.090854+08:00 DXH-104-059 kernel: kernel_agent: RCX: tdvpr pa: 0x12a90d000
2024-11-25T14:27:59.090856+08:00 DXH-104-059 kernel: kernel_agent: RDX: field identifier: 0x4000
2024-11-25T14:27:59.090858+08:00 DXH-104-059 kernel: kernel_agent: R8: field value: 0x80
2024-11-25T14:27:59.090860+08:00 DXH-104-059 kernel: kernel_agent: R9: 64b write mask: 0x80
2024-11-25T14:27:59.090862+08:00 DXH-104-059 kernel: kernel_agent: hooked  tdx_vcpu_ioctl() 
2024-11-25T14:27:59.090879+08:00 DXH-104-059 kernel: kernel_agent: ioctl: KVM_TDX_INIT_VCPU
2024-11-25T14:27:59.090882+08:00 DXH-104-059 kernel: 
2024-11-25T14:27:59.090883+08:00 DXH-104-059 kernel: kernel_agent: kvm __seamcall(): TDH_VP_CREATE ------------------------------------ 
2024-11-25T14:27:59.090885+08:00 DXH-104-059 kernel: kernel_agent: RCX: to add tdvpr page pa: 0x1e3030000
2024-11-25T14:27:59.090886+08:00 DXH-104-059 kernel: kernel_agent: RDX: tdr pa: 0x1f9040000
2024-11-25T14:27:59.090887+08:00 DXH-104-059 kernel: kernel_agent: kvm __seamcall(): TDH_VP_ADDCX ------------------------------------ 
2024-11-25T14:27:59.090889+08:00 DXH-104-059 kernel: kernel_agent: RCX: to add tdcx page pa: 0x1f92f8000
2024-11-25T14:27:59.090890+08:00 DXH-104-059 kernel: kernel_agent: RDX: tdvpr pa: 0x1e3030000
2024-11-25T14:27:59.090891+08:00 DXH-104-059 kernel: kernel_agent: kvm __seamcall(): TDH_VP_ADDCX ------------------------------------ 
2024-11-25T14:27:59.090892+08:00 DXH-104-059 kernel: kernel_agent: RCX: to add tdcx page pa: 0x1273b9000
2024-11-25T14:27:59.090893+08:00 DXH-104-059 kernel: kernel_agent: RDX: tdvpr pa: 0x1e3030000
2024-11-25T14:27:59.090900+08:00 DXH-104-059 kernel: kernel_agent: kvm __seamcall(): TDH_VP_ADDCX ------------------------------------ 
2024-11-25T14:27:59.090902+08:00 DXH-104-059 kernel: kernel_agent: RCX: to add tdcx page pa: 0x1f26db000
2024-11-25T14:27:59.090903+08:00 DXH-104-059 kernel: kernel_agent: RDX: tdvpr pa: 0x1e3030000
2024-11-25T14:27:59.090911+08:00 DXH-104-059 kernel: kernel_agent: kvm __seamcall(): TDH_VP_ADDCX ------------------------------------ 
2024-11-25T14:27:59.090912+08:00 DXH-104-059 kernel: kernel_agent: RCX: to add tdcx page pa: 0x1e42b6000
2024-11-25T14:27:59.090913+08:00 DXH-104-059 kernel: kernel_agent: RDX: tdvpr pa: 0x1e3030000
2024-11-25T14:27:59.091597+08:00 DXH-104-059 kernel: kernel_agent: kvm __seamcall(): TDH_VP_ADDCX ------------------------------------ 
2024-11-25T14:27:59.091622+08:00 DXH-104-059 kernel: kernel_agent: RCX: to add tdcx page pa: 0x1d73b1000
2024-11-25T14:27:59.091625+08:00 DXH-104-059 kernel: kernel_agent: RDX: tdvpr pa: 0x1e3030000
2024-11-25T14:27:59.091627+08:00 DXH-104-059 kernel: kernel_agent: kvm __seamcall(): TDH_VP_INIT ------------------------------------ 
2024-11-25T14:27:59.091628+08:00 DXH-104-059 kernel: kernel_agent: RCX: tdvpr pa: 0x1e3030000
2024-11-25T14:27:59.091630+08:00 DXH-104-059 kernel: kernel_agent: RDX: td initial vcpu rcx: 0x809000
2024-11-25T14:27:59.091631+08:00 DXH-104-059 kernel: kernel_agent: R8: x2apic_id, if leaf version > 0: 0x0
2024-11-25T14:27:59.091632+08:00 DXH-104-059 kernel: kernel_agent: kvm __seamcall_ret: TDH_VP_WR ------------------------------------ 
2024-11-25T14:27:59.091634+08:00 DXH-104-059 kernel: kernel_agent: RCX: tdvpr pa: 0x1e3030000
2024-11-25T14:27:59.091636+08:00 DXH-104-059 kernel: kernel_agent: RDX: field identifier: 0x2
2024-11-25T14:27:59.091637+08:00 DXH-104-059 kernel: kernel_agent: R8: field value: 0xf2
2024-11-25T14:27:59.091639+08:00 DXH-104-059 kernel: kernel_agent: R9: 64b write mask: 0xffff
2024-11-25T14:27:59.091640+08:00 DXH-104-059 kernel: kernel_agent: kvm __seamcall_ret: TDH_VP_WR ------------------------------------ 
2024-11-25T14:27:59.091642+08:00 DXH-104-059 kernel: kernel_agent: RCX: tdvpr pa: 0x1e3030000
2024-11-25T14:27:59.091643+08:00 DXH-104-059 kernel: kernel_agent: RDX: field identifier: 0x2016
2024-11-25T14:27:59.091644+08:00 DXH-104-059 kernel: kernel_agent: R8: field value: 0x1ff83be40
2024-11-25T14:27:59.091645+08:00 DXH-104-059 kernel: kernel_agent: R9: 64b write mask: 0xffffffffffffffff
2024-11-25T14:27:59.091647+08:00 DXH-104-059 kernel: kernel_agent: kvm __seamcall_ret: TDH_VP_WR ------------------------------------ 
2024-11-25T14:27:59.091648+08:00 DXH-104-059 kernel: kernel_agent: RCX: tdvpr pa: 0x1e3030000
2024-11-25T14:27:59.091649+08:00 DXH-104-059 kernel: kernel_agent: RDX: field identifier: 0x4000
2024-11-25T14:27:59.091650+08:00 DXH-104-059 kernel: kernel_agent: R8: field value: 0x80
2024-11-25T14:27:59.091651+08:00 DXH-104-059 kernel: kernel_agent: R9: 64b write mask: 0x80
2024-11-25T14:27:59.091653+08:00 DXH-104-059 kernel: kernel_agent: hooked  tdx_vcpu_ioctl() 
2024-11-25T14:27:59.091654+08:00 DXH-104-059 kernel: kernel_agent: ioctl: KVM_TDX_INIT_VCPU
2024-11-25T14:27:59.091655+08:00 DXH-104-059 kernel: 
2024-11-25T14:27:59.091657+08:00 DXH-104-059 kernel: kernel_agent: kvm __seamcall(): TDH_VP_CREATE ------------------------------------ 
2024-11-25T14:27:59.091658+08:00 DXH-104-059 kernel: kernel_agent: RCX: to add tdvpr page pa: 0x13bd26000
2024-11-25T14:27:59.091659+08:00 DXH-104-059 kernel: kernel_agent: RDX: tdr pa: 0x1f9040000
2024-11-25T14:27:59.091660+08:00 DXH-104-059 kernel: kernel_agent: kvm __seamcall(): TDH_VP_ADDCX ------------------------------------ 
2024-11-25T14:27:59.091662+08:00 DXH-104-059 kernel: kernel_agent: RCX: to add tdcx page pa: 0x1f9137000
2024-11-25T14:27:59.091663+08:00 DXH-104-059 kernel: kernel_agent: RDX: tdvpr pa: 0x13bd26000
2024-11-25T14:27:59.091664+08:00 DXH-104-059 kernel: kernel_agent: kvm __seamcall(): TDH_VP_ADDCX ------------------------------------ 
2024-11-25T14:27:59.091665+08:00 DXH-104-059 kernel: kernel_agent: RCX: to add tdcx page pa: 0x1ff8e8000
2024-11-25T14:27:59.091667+08:00 DXH-104-059 kernel: kernel_agent: RDX: tdvpr pa: 0x13bd26000
2024-11-25T14:27:59.091668+08:00 DXH-104-059 kernel: kernel_agent: kvm __seamcall(): TDH_VP_ADDCX ------------------------------------ 
2024-11-25T14:27:59.091669+08:00 DXH-104-059 kernel: kernel_agent: RCX: to add tdcx page pa: 0x10f3e9000
2024-11-25T14:27:59.091670+08:00 DXH-104-059 kernel: kernel_agent: RDX: tdvpr pa: 0x13bd26000
2024-11-25T14:27:59.091672+08:00 DXH-104-059 kernel: kernel_agent: kvm __seamcall(): TDH_VP_ADDCX ------------------------------------ 
2024-11-25T14:27:59.091673+08:00 DXH-104-059 kernel: kernel_agent: RCX: to add tdcx page pa: 0x1e4a15000
2024-11-25T14:27:59.091674+08:00 DXH-104-059 kernel: kernel_agent: RDX: tdvpr pa: 0x13bd26000
2024-11-25T14:27:59.091675+08:00 DXH-104-059 kernel: kernel_agent: kvm __seamcall(): TDH_VP_ADDCX ------------------------------------ 
2024-11-25T14:27:59.091676+08:00 DXH-104-059 kernel: kernel_agent: RCX: to add tdcx page pa: 0x1febae000
2024-11-25T14:27:59.091677+08:00 DXH-104-059 kernel: kernel_agent: RDX: tdvpr pa: 0x13bd26000
2024-11-25T14:27:59.091679+08:00 DXH-104-059 kernel: kernel_agent: kvm __seamcall(): TDH_VP_INIT ------------------------------------ 
2024-11-25T14:27:59.091680+08:00 DXH-104-059 kernel: kernel_agent: RCX: tdvpr pa: 0x13bd26000
2024-11-25T14:27:59.091682+08:00 DXH-104-059 kernel: kernel_agent: RDX: td initial vcpu rcx: 0x809000
2024-11-25T14:27:59.091683+08:00 DXH-104-059 kernel: kernel_agent: R8: x2apic_id, if leaf version > 0: 0x0
2024-11-25T14:27:59.091684+08:00 DXH-104-059 kernel: kernel_agent: kvm __seamcall_ret: TDH_VP_WR ------------------------------------ 
2024-11-25T14:27:59.091685+08:00 DXH-104-059 kernel: kernel_agent: RCX: tdvpr pa: 0x13bd26000
2024-11-25T14:27:59.091687+08:00 DXH-104-059 kernel: kernel_agent: RDX: field identifier: 0x2
2024-11-25T14:27:59.091689+08:00 DXH-104-059 kernel: kernel_agent: R8: field value: 0xf2
2024-11-25T14:27:59.091690+08:00 DXH-104-059 kernel: kernel_agent: R9: 64b write mask: 0xffff
2024-11-25T14:27:59.091691+08:00 DXH-104-059 kernel: kernel_agent: kvm __seamcall_ret: TDH_VP_WR ------------------------------------ 
2024-11-25T14:27:59.091692+08:00 DXH-104-059 kernel: kernel_agent: RCX: tdvpr pa: 0x13bd26000
2024-11-25T14:27:59.091693+08:00 DXH-104-059 kernel: kernel_agent: RDX: field identifier: 0x2016
2024-11-25T14:27:59.091695+08:00 DXH-104-059 kernel: kernel_agent: R8: field value: 0x20386be40
2024-11-25T14:27:59.091696+08:00 DXH-104-059 kernel: kernel_agent: R9: 64b write mask: 0xffffffffffffffff
2024-11-25T14:27:59.091697+08:00 DXH-104-059 kernel: kernel_agent: kvm __seamcall_ret: TDH_VP_WR ------------------------------------ 
2024-11-25T14:27:59.091698+08:00 DXH-104-059 kernel: kernel_agent: RCX: tdvpr pa: 0x13bd26000
2024-11-25T14:27:59.091700+08:00 DXH-104-059 kernel: kernel_agent: RDX: field identifier: 0x4000
2024-11-25T14:27:59.091701+08:00 DXH-104-059 kernel: kernel_agent: R8: field value: 0x80
2024-11-25T14:27:59.091702+08:00 DXH-104-059 kernel: kernel_agent: R9: 64b write mask: 0x80
2024-11-25T14:27:59.091704+08:00 DXH-104-059 kernel: kernel_agent: hooked  tdx_vcpu_ioctl() 
2024-11-25T14:27:59.091705+08:00 DXH-104-059 kernel: kernel_agent: ioctl: KVM_TDX_INIT_VCPU
2024-11-25T14:27:59.091706+08:00 DXH-104-059 kernel: 
2024-11-25T14:27:59.091707+08:00 DXH-104-059 kernel: kernel_agent: kvm __seamcall(): TDH_VP_CREATE ------------------------------------ 
2024-11-25T14:27:59.091708+08:00 DXH-104-059 kernel: kernel_agent: RCX: to add tdvpr page pa: 0x1d70f1000
2024-11-25T14:27:59.091709+08:00 DXH-104-059 kernel: kernel_agent: RDX: tdr pa: 0x1f9040000
2024-11-25T14:27:59.091711+08:00 DXH-104-059 kernel: kernel_agent: kvm __seamcall(): TDH_VP_ADDCX ------------------------------------ 
2024-11-25T14:27:59.091712+08:00 DXH-104-059 kernel: kernel_agent: RCX: to add tdcx page pa: 0x1e7e03000
2024-11-25T14:27:59.091713+08:00 DXH-104-059 kernel: kernel_agent: RDX: tdvpr pa: 0x1d70f1000
2024-11-25T14:27:59.091714+08:00 DXH-104-059 kernel: kernel_agent: kvm __seamcall(): TDH_VP_ADDCX ------------------------------------ 
2024-11-25T14:27:59.091716+08:00 DXH-104-059 kernel: kernel_agent: RCX: to add tdcx page pa: 0x20099e000
2024-11-25T14:27:59.091717+08:00 DXH-104-059 kernel: kernel_agent: RDX: tdvpr pa: 0x1d70f1000
2024-11-25T14:27:59.091718+08:00 DXH-104-059 kernel: kernel_agent: kvm __seamcall(): TDH_VP_ADDCX ------------------------------------ 
2024-11-25T14:27:59.091720+08:00 DXH-104-059 kernel: kernel_agent: RCX: to add tdcx page pa: 0x1ed42a000
2024-11-25T14:27:59.091721+08:00 DXH-104-059 kernel: kernel_agent: RDX: tdvpr pa: 0x1d70f1000
2024-11-25T14:27:59.091722+08:00 DXH-104-059 kernel: kernel_agent: kvm __seamcall(): TDH_VP_ADDCX ------------------------------------ 
2024-11-25T14:27:59.091723+08:00 DXH-104-059 kernel: kernel_agent: RCX: to add tdcx page pa: 0x1e0a59000
2024-11-25T14:27:59.091724+08:00 DXH-104-059 kernel: kernel_agent: RDX: tdvpr pa: 0x1d70f1000
2024-11-25T14:27:59.091725+08:00 DXH-104-059 kernel: kernel_agent: kvm __seamcall(): TDH_VP_ADDCX ------------------------------------ 
2024-11-25T14:27:59.091727+08:00 DXH-104-059 kernel: kernel_agent: RCX: to add tdcx page pa: 0x117600000
2024-11-25T14:27:59.091728+08:00 DXH-104-059 kernel: kernel_agent: RDX: tdvpr pa: 0x1d70f1000
2024-11-25T14:27:59.091729+08:00 DXH-104-059 kernel: kernel_agent: kvm __seamcall(): TDH_VP_INIT ------------------------------------ 
2024-11-25T14:27:59.091730+08:00 DXH-104-059 kernel: kernel_agent: RCX: tdvpr pa: 0x1d70f1000
2024-11-25T14:27:59.091731+08:00 DXH-104-059 kernel: kernel_agent: RDX: td initial vcpu rcx: 0x809000
2024-11-25T14:27:59.091732+08:00 DXH-104-059 kernel: kernel_agent: R8: x2apic_id, if leaf version > 0: 0x0
2024-11-25T14:27:59.091734+08:00 DXH-104-059 kernel: kernel_agent: kvm __seamcall_ret: TDH_VP_WR ------------------------------------ 
2024-11-25T14:27:59.091735+08:00 DXH-104-059 kernel: kernel_agent: RCX: tdvpr pa: 0x1d70f1000
2024-11-25T14:27:59.091736+08:00 DXH-104-059 kernel: kernel_agent: RDX: field identifier: 0x2
2024-11-25T14:27:59.091737+08:00 DXH-104-059 kernel: kernel_agent: R8: field value: 0xf2
2024-11-25T14:27:59.091739+08:00 DXH-104-059 kernel: kernel_agent: R9: 64b write mask: 0xffff
2024-11-25T14:27:59.091740+08:00 DXH-104-059 kernel: kernel_agent: kvm __seamcall_ret: TDH_VP_WR ------------------------------------ 
2024-11-25T14:27:59.091741+08:00 DXH-104-059 kernel: kernel_agent: RCX: tdvpr pa: 0x1d70f1000
2024-11-25T14:27:59.091742+08:00 DXH-104-059 kernel: kernel_agent: RDX: field identifier: 0x2016
2024-11-25T14:27:59.091744+08:00 DXH-104-059 kernel: kernel_agent: R8: field value: 0x20224be40
2024-11-25T14:27:59.091745+08:00 DXH-104-059 kernel: kernel_agent: R9: 64b write mask: 0xffffffffffffffff
2024-11-25T14:27:59.091768+08:00 DXH-104-059 kernel: kernel_agent: kvm __seamcall_ret: TDH_VP_WR ------------------------------------ 
2024-11-25T14:27:59.091770+08:00 DXH-104-059 kernel: kernel_agent: RCX: tdvpr pa: 0x1d70f1000
2024-11-25T14:27:59.091771+08:00 DXH-104-059 kernel: kernel_agent: RDX: field identifier: 0x4000
2024-11-25T14:27:59.091774+08:00 DXH-104-059 kernel: kernel_agent: R8: field value: 0x80
2024-11-25T14:27:59.091775+08:00 DXH-104-059 kernel: kernel_agent: R9: 64b write mask: 0x80
2024-11-25T14:27:59.091777+08:00 DXH-104-059 kernel: kernel_agent: hooked  tdx_vcpu_ioctl() 
2024-11-25T14:27:59.091778+08:00 DXH-104-059 kernel: kernel_agent: ioctl: KVM_TDX_INIT_VCPU
2024-11-25T14:27:59.091779+08:00 DXH-104-059 kernel: 
2024-11-25T14:27:59.091781+08:00 DXH-104-059 kernel: kernel_agent: kvm __seamcall(): TDH_VP_CREATE ------------------------------------ 
2024-11-25T14:27:59.091783+08:00 DXH-104-059 kernel: kernel_agent: RCX: to add tdvpr page pa: 0x1273b8000
2024-11-25T14:27:59.091785+08:00 DXH-104-059 kernel: kernel_agent: RDX: tdr pa: 0x1f9040000
2024-11-25T14:27:59.091792+08:00 DXH-104-059 kernel: kernel_agent: kvm __seamcall(): TDH_VP_ADDCX ------------------------------------ 
2024-11-25T14:27:59.091794+08:00 DXH-104-059 kernel: kernel_agent: RCX: to add tdcx page pa: 0x1fead1000
2024-11-25T14:27:59.091796+08:00 DXH-104-059 kernel: kernel_agent: RDX: tdvpr pa: 0x1273b8000
2024-11-25T14:27:59.092672+08:00 DXH-104-059 kernel: kernel_agent: kvm __seamcall(): TDH_VP_ADDCX ------------------------------------ 
2024-11-25T14:27:59.092697+08:00 DXH-104-059 kernel: kernel_agent: RCX: to add tdcx page pa: 0x1e3d52000
2024-11-25T14:27:59.092699+08:00 DXH-104-059 kernel: kernel_agent: RDX: tdvpr pa: 0x1273b8000
2024-11-25T14:27:59.092701+08:00 DXH-104-059 kernel: kernel_agent: kvm __seamcall(): TDH_VP_ADDCX ------------------------------------ 
2024-11-25T14:27:59.092703+08:00 DXH-104-059 kernel: kernel_agent: RCX: to add tdcx page pa: 0x1e4a33000
2024-11-25T14:27:59.092705+08:00 DXH-104-059 kernel: kernel_agent: RDX: tdvpr pa: 0x1273b8000
2024-11-25T14:27:59.092706+08:00 DXH-104-059 kernel: kernel_agent: kvm __seamcall(): TDH_VP_ADDCX ------------------------------------ 
2024-11-25T14:27:59.092707+08:00 DXH-104-059 kernel: kernel_agent: RCX: to add tdcx page pa: 0x1feb23000
2024-11-25T14:27:59.092709+08:00 DXH-104-059 kernel: kernel_agent: RDX: tdvpr pa: 0x1273b8000
2024-11-25T14:27:59.092711+08:00 DXH-104-059 kernel: kernel_agent: kvm __seamcall(): TDH_VP_ADDCX ------------------------------------ 
2024-11-25T14:27:59.092712+08:00 DXH-104-059 kernel: kernel_agent: RCX: to add tdcx page pa: 0x2044a7000
2024-11-25T14:27:59.092714+08:00 DXH-104-059 kernel: kernel_agent: RDX: tdvpr pa: 0x1273b8000
2024-11-25T14:27:59.092715+08:00 DXH-104-059 kernel: kernel_agent: kvm __seamcall(): TDH_VP_INIT ------------------------------------ 
2024-11-25T14:27:59.092717+08:00 DXH-104-059 kernel: kernel_agent: RCX: tdvpr pa: 0x1273b8000
2024-11-25T14:27:59.092718+08:00 DXH-104-059 kernel: kernel_agent: RDX: td initial vcpu rcx: 0x809000
2024-11-25T14:27:59.092719+08:00 DXH-104-059 kernel: kernel_agent: R8: x2apic_id, if leaf version > 0: 0x0
2024-11-25T14:27:59.092720+08:00 DXH-104-059 kernel: kernel_agent: kvm __seamcall_ret: TDH_VP_WR ------------------------------------ 
2024-11-25T14:27:59.092722+08:00 DXH-104-059 kernel: kernel_agent: RCX: tdvpr pa: 0x1273b8000
2024-11-25T14:27:59.092723+08:00 DXH-104-059 kernel: kernel_agent: RDX: field identifier: 0x2
2024-11-25T14:27:59.092725+08:00 DXH-104-059 kernel: kernel_agent: R8: field value: 0xf2
2024-11-25T14:27:59.092726+08:00 DXH-104-059 kernel: kernel_agent: R9: 64b write mask: 0xffff
2024-11-25T14:27:59.092727+08:00 DXH-104-059 kernel: kernel_agent: kvm __seamcall_ret: TDH_VP_WR ------------------------------------ 
2024-11-25T14:27:59.092729+08:00 DXH-104-059 kernel: kernel_agent: RCX: tdvpr pa: 0x1273b8000
2024-11-25T14:27:59.092730+08:00 DXH-104-059 kernel: kernel_agent: RDX: field identifier: 0x2016
2024-11-25T14:27:59.092732+08:00 DXH-104-059 kernel: kernel_agent: R8: field value: 0x204569a40
2024-11-25T14:27:59.092733+08:00 DXH-104-059 kernel: kernel_agent: R9: 64b write mask: 0xffffffffffffffff
2024-11-25T14:27:59.092734+08:00 DXH-104-059 kernel: kernel_agent: kvm __seamcall_ret: TDH_VP_WR ------------------------------------ 
2024-11-25T14:27:59.092735+08:00 DXH-104-059 kernel: kernel_agent: RCX: tdvpr pa: 0x1273b8000
2024-11-25T14:27:59.092737+08:00 DXH-104-059 kernel: kernel_agent: RDX: field identifier: 0x4000
2024-11-25T14:27:59.092739+08:00 DXH-104-059 kernel: kernel_agent: R8: field value: 0x80
2024-11-25T14:27:59.092740+08:00 DXH-104-059 kernel: kernel_agent: R9: 64b write mask: 0x80
2024-11-25T14:27:59.092741+08:00 DXH-104-059 kernel: kernel_agent: hooked  tdx_vcpu_ioctl() 
2024-11-25T14:27:59.092743+08:00 DXH-104-059 kernel: kernel_agent: ioctl: KVM_TDX_INIT_VCPU
2024-11-25T14:27:59.092744+08:00 DXH-104-059 kernel: 
2024-11-25T14:27:59.092745+08:00 DXH-104-059 kernel: kernel_agent: kvm __seamcall(): TDH_VP_CREATE ------------------------------------ 
2024-11-25T14:27:59.092747+08:00 DXH-104-059 kernel: kernel_agent: RCX: to add tdvpr page pa: 0x1f83a6000
2024-11-25T14:27:59.092748+08:00 DXH-104-059 kernel: kernel_agent: RDX: tdr pa: 0x1f9040000
2024-11-25T14:27:59.092750+08:00 DXH-104-059 kernel: kernel_agent: kvm __seamcall(): TDH_VP_ADDCX ------------------------------------ 
2024-11-25T14:27:59.092751+08:00 DXH-104-059 kernel: kernel_agent: RCX: to add tdcx page pa: 0x125ca1000
2024-11-25T14:27:59.092752+08:00 DXH-104-059 kernel: kernel_agent: RDX: tdvpr pa: 0x1f83a6000
2024-11-25T14:27:59.092753+08:00 DXH-104-059 kernel: kernel_agent: kvm __seamcall(): TDH_VP_ADDCX ------------------------------------ 
2024-11-25T14:27:59.092755+08:00 DXH-104-059 kernel: kernel_agent: RCX: to add tdcx page pa: 0x101700000
2024-11-25T14:27:59.092756+08:00 DXH-104-059 kernel: kernel_agent: RDX: tdvpr pa: 0x1f83a6000
2024-11-25T14:27:59.092757+08:00 DXH-104-059 kernel: kernel_agent: kvm __seamcall(): TDH_VP_ADDCX ------------------------------------ 
2024-11-25T14:27:59.092759+08:00 DXH-104-059 kernel: kernel_agent: RCX: to add tdcx page pa: 0x1f35d5000
2024-11-25T14:27:59.092760+08:00 DXH-104-059 kernel: kernel_agent: RDX: tdvpr pa: 0x1f83a6000
2024-11-25T14:27:59.092761+08:00 DXH-104-059 kernel: kernel_agent: kvm __seamcall(): TDH_VP_ADDCX ------------------------------------ 
2024-11-25T14:27:59.092762+08:00 DXH-104-059 kernel: kernel_agent: RCX: to add tdcx page pa: 0x1ff8f4000
2024-11-25T14:27:59.092764+08:00 DXH-104-059 kernel: kernel_agent: RDX: tdvpr pa: 0x1f83a6000
2024-11-25T14:27:59.092765+08:00 DXH-104-059 kernel: kernel_agent: kvm __seamcall(): TDH_VP_ADDCX ------------------------------------ 
2024-11-25T14:27:59.092767+08:00 DXH-104-059 kernel: kernel_agent: RCX: to add tdcx page pa: 0x1ffa15000
2024-11-25T14:27:59.092768+08:00 DXH-104-059 kernel: kernel_agent: RDX: tdvpr pa: 0x1f83a6000
2024-11-25T14:27:59.092770+08:00 DXH-104-059 kernel: kernel_agent: kvm __seamcall(): TDH_VP_INIT ------------------------------------ 
2024-11-25T14:27:59.092771+08:00 DXH-104-059 kernel: kernel_agent: RCX: tdvpr pa: 0x1f83a6000
2024-11-25T14:27:59.092772+08:00 DXH-104-059 kernel: kernel_agent: RDX: td initial vcpu rcx: 0x809000
2024-11-25T14:27:59.092774+08:00 DXH-104-059 kernel: kernel_agent: R8: x2apic_id, if leaf version > 0: 0x0
2024-11-25T14:27:59.092775+08:00 DXH-104-059 kernel: kernel_agent: kvm __seamcall_ret: TDH_VP_WR ------------------------------------ 
2024-11-25T14:27:59.092776+08:00 DXH-104-059 kernel: kernel_agent: RCX: tdvpr pa: 0x1f83a6000
2024-11-25T14:27:59.092777+08:00 DXH-104-059 kernel: kernel_agent: RDX: field identifier: 0x2
2024-11-25T14:27:59.092779+08:00 DXH-104-059 kernel: kernel_agent: R8: field value: 0xf2
2024-11-25T14:27:59.092780+08:00 DXH-104-059 kernel: kernel_agent: R9: 64b write mask: 0xffff
2024-11-25T14:27:59.092781+08:00 DXH-104-059 kernel: kernel_agent: kvm __seamcall_ret: TDH_VP_WR ------------------------------------ 
2024-11-25T14:27:59.092783+08:00 DXH-104-059 kernel: kernel_agent: RCX: tdvpr pa: 0x1f83a6000
2024-11-25T14:27:59.092784+08:00 DXH-104-059 kernel: kernel_agent: RDX: field identifier: 0x2016
2024-11-25T14:27:59.092785+08:00 DXH-104-059 kernel: kernel_agent: R8: field value: 0x1ff4c9a40
2024-11-25T14:27:59.092786+08:00 DXH-104-059 kernel: kernel_agent: R9: 64b write mask: 0xffffffffffffffff
2024-11-25T14:27:59.092787+08:00 DXH-104-059 kernel: kernel_agent: kvm __seamcall_ret: TDH_VP_WR ------------------------------------ 
2024-11-25T14:27:59.092789+08:00 DXH-104-059 kernel: kernel_agent: RCX: tdvpr pa: 0x1f83a6000
2024-11-25T14:27:59.092791+08:00 DXH-104-059 kernel: kernel_agent: RDX: field identifier: 0x4000
2024-11-25T14:27:59.092792+08:00 DXH-104-059 kernel: kernel_agent: R8: field value: 0x80
2024-11-25T14:27:59.092793+08:00 DXH-104-059 kernel: kernel_agent: R9: 64b write mask: 0x80
2024-11-25T14:27:59.092794+08:00 DXH-104-059 kernel: kernel_agent: hooked  tdx_vcpu_ioctl() 
2024-11-25T14:27:59.092795+08:00 DXH-104-059 kernel: kernel_agent: ioctl: KVM_TDX_INIT_VCPU
2024-11-25T14:27:59.092797+08:00 DXH-104-059 kernel: 
2024-11-25T14:27:59.092798+08:00 DXH-104-059 kernel: kernel_agent: kvm __seamcall(): TDH_VP_CREATE ------------------------------------ 
2024-11-25T14:27:59.092799+08:00 DXH-104-059 kernel: kernel_agent: RCX: to add tdvpr page pa: 0x2004ac000
2024-11-25T14:27:59.092801+08:00 DXH-104-059 kernel: kernel_agent: RDX: tdr pa: 0x1f9040000
2024-11-25T14:27:59.092824+08:00 DXH-104-059 kernel: kernel_agent: kvm __seamcall(): TDH_VP_ADDCX ------------------------------------ 
2024-11-25T14:27:59.092825+08:00 DXH-104-059 kernel: kernel_agent: RCX: to add tdcx page pa: 0x13bc5d000
2024-11-25T14:27:59.092827+08:00 DXH-104-059 kernel: kernel_agent: RDX: tdvpr pa: 0x2004ac000
2024-11-25T14:27:59.092828+08:00 DXH-104-059 kernel: kernel_agent: kvm __seamcall(): TDH_VP_ADDCX ------------------------------------ 
2024-11-25T14:27:59.092830+08:00 DXH-104-059 kernel: kernel_agent: RCX: to add tdcx page pa: 0x2024ac000
2024-11-25T14:27:59.092831+08:00 DXH-104-059 kernel: kernel_agent: RDX: tdvpr pa: 0x2004ac000
2024-11-25T14:27:59.092832+08:00 DXH-104-059 kernel: kernel_agent: kvm __seamcall(): TDH_VP_ADDCX ------------------------------------ 
2024-11-25T14:27:59.092833+08:00 DXH-104-059 kernel: kernel_agent: RCX: to add tdcx page pa: 0x1f9100000
2024-11-25T14:27:59.092835+08:00 DXH-104-059 kernel: kernel_agent: RDX: tdvpr pa: 0x2004ac000
2024-11-25T14:27:59.092836+08:00 DXH-104-059 kernel: kernel_agent: kvm __seamcall(): TDH_VP_ADDCX ------------------------------------ 
2024-11-25T14:27:59.092837+08:00 DXH-104-059 kernel: kernel_agent: RCX: to add tdcx page pa: 0x14d417000
2024-11-25T14:27:59.092839+08:00 DXH-104-059 kernel: kernel_agent: RDX: tdvpr pa: 0x2004ac000
2024-11-25T14:27:59.092840+08:00 DXH-104-059 kernel: kernel_agent: kvm __seamcall(): TDH_VP_ADDCX ------------------------------------ 
2024-11-25T14:27:59.092841+08:00 DXH-104-059 kernel: kernel_agent: RCX: to add tdcx page pa: 0x123e16000
2024-11-25T14:27:59.092842+08:00 DXH-104-059 kernel: kernel_agent: RDX: tdvpr pa: 0x2004ac000
2024-11-25T14:27:59.092844+08:00 DXH-104-059 kernel: kernel_agent: kvm __seamcall(): TDH_VP_INIT ------------------------------------ 
2024-11-25T14:27:59.092847+08:00 DXH-104-059 kernel: kernel_agent: RCX: tdvpr pa: 0x2004ac000
2024-11-25T14:27:59.092849+08:00 DXH-104-059 kernel: kernel_agent: RDX: td initial vcpu rcx: 0x809000
2024-11-25T14:27:59.092881+08:00 DXH-104-059 kernel: kernel_agent: R8: x2apic_id, if leaf version > 0: 0x0
2024-11-25T14:27:59.092882+08:00 DXH-104-059 kernel: kernel_agent: kvm __seamcall_ret: TDH_VP_WR ------------------------------------ 
2024-11-25T14:27:59.092884+08:00 DXH-104-059 kernel: kernel_agent: RCX: tdvpr pa: 0x2004ac000
2024-11-25T14:27:59.092886+08:00 DXH-104-059 kernel: kernel_agent: RDX: field identifier: 0x2
2024-11-25T14:27:59.092888+08:00 DXH-104-059 kernel: kernel_agent: R8: field value: 0xf2
2024-11-25T14:27:59.092891+08:00 DXH-104-059 kernel: kernel_agent: R9: 64b write mask: 0xffff
2024-11-25T14:27:59.092892+08:00 DXH-104-059 kernel: kernel_agent: kvm __seamcall_ret: TDH_VP_WR ------------------------------------ 
2024-11-25T14:27:59.092894+08:00 DXH-104-059 kernel: kernel_agent: RCX: tdvpr pa: 0x2004ac000
2024-11-25T14:27:59.092896+08:00 DXH-104-059 kernel: kernel_agent: RDX: field identifier: 0x2016
2024-11-25T14:27:59.092898+08:00 DXH-104-059 kernel: kernel_agent: R8: field value: 0x20042be40
2024-11-25T14:27:59.092900+08:00 DXH-104-059 kernel: kernel_agent: R9: 64b write mask: 0xffffffffffffffff
2024-11-25T14:27:59.092902+08:00 DXH-104-059 kernel: kernel_agent: kvm __seamcall_ret: TDH_VP_WR ------------------------------------ 
2024-11-25T14:27:59.092904+08:00 DXH-104-059 kernel: kernel_agent: RCX: tdvpr pa: 0x2004ac000
2024-11-25T14:27:59.092906+08:00 DXH-104-059 kernel: kernel_agent: RDX: field identifier: 0x4000
2024-11-25T14:27:59.092908+08:00 DXH-104-059 kernel: kernel_agent: R8: field value: 0x80
2024-11-25T14:27:59.092911+08:00 DXH-104-059 kernel: kernel_agent: R9: 64b write mask: 0x80
2024-11-25T14:27:59.092963+08:00 DXH-104-059 kernel: kernel_agent: hooked  tdx_vcpu_ioctl() 
2024-11-25T14:27:59.092966+08:00 DXH-104-059 kernel: kernel_agent: ioctl: KVM_TDX_INIT_VCPU
2024-11-25T14:27:59.092968+08:00 DXH-104-059 kernel: 
2024-11-25T14:27:59.092969+08:00 DXH-104-059 kernel: kernel_agent: kvm __seamcall(): TDH_VP_CREATE ------------------------------------ 
2024-11-25T14:27:59.092971+08:00 DXH-104-059 kernel: kernel_agent: RCX: to add tdvpr page pa: 0x11e637000
2024-11-25T14:27:59.092973+08:00 DXH-104-059 kernel: kernel_agent: RDX: tdr pa: 0x1f9040000
2024-11-25T14:27:59.092975+08:00 DXH-104-059 kernel: kernel_agent: kvm __seamcall(): TDH_VP_ADDCX ------------------------------------ 
2024-11-25T14:27:59.092977+08:00 DXH-104-059 kernel: kernel_agent: RCX: to add tdcx page pa: 0x2019a8000
2024-11-25T14:27:59.092979+08:00 DXH-104-059 kernel: kernel_agent: RDX: tdvpr pa: 0x11e637000
2024-11-25T14:27:59.092981+08:00 DXH-104-059 kernel: kernel_agent: kvm __seamcall(): TDH_VP_ADDCX ------------------------------------ 
2024-11-25T14:27:59.092983+08:00 DXH-104-059 kernel: kernel_agent: RCX: to add tdcx page pa: 0x1f9059000
2024-11-25T14:27:59.092984+08:00 DXH-104-059 kernel: kernel_agent: RDX: tdvpr pa: 0x11e637000
2024-11-25T14:27:59.092986+08:00 DXH-104-059 kernel: kernel_agent: kvm __seamcall(): TDH_VP_ADDCX ------------------------------------ 
2024-11-25T14:27:59.092988+08:00 DXH-104-059 kernel: kernel_agent: RCX: to add tdcx page pa: 0x1f7936000
2024-11-25T14:27:59.092990+08:00 DXH-104-059 kernel: kernel_agent: RDX: tdvpr pa: 0x11e637000
2024-11-25T14:27:59.092992+08:00 DXH-104-059 kernel: kernel_agent: kvm __seamcall(): TDH_VP_ADDCX ------------------------------------ 
2024-11-25T14:27:59.092994+08:00 DXH-104-059 kernel: kernel_agent: RCX: to add tdcx page pa: 0x1f939c000
2024-11-25T14:27:59.092996+08:00 DXH-104-059 kernel: kernel_agent: RDX: tdvpr pa: 0x11e637000
2024-11-25T14:27:59.092998+08:00 DXH-104-059 kernel: kernel_agent: kvm __seamcall(): TDH_VP_ADDCX ------------------------------------ 
2024-11-25T14:27:59.093000+08:00 DXH-104-059 kernel: kernel_agent: RCX: to add tdcx page pa: 0x1f605c000
2024-11-25T14:27:59.093002+08:00 DXH-104-059 kernel: kernel_agent: RDX: tdvpr pa: 0x11e637000
2024-11-25T14:27:59.093004+08:00 DXH-104-059 kernel: kernel_agent: kvm __seamcall(): TDH_VP_INIT ------------------------------------ 
2024-11-25T14:27:59.093006+08:00 DXH-104-059 kernel: kernel_agent: RCX: tdvpr pa: 0x11e637000
2024-11-25T14:27:59.093008+08:00 DXH-104-059 kernel: kernel_agent: RDX: td initial vcpu rcx: 0x809000
2024-11-25T14:27:59.093010+08:00 DXH-104-059 kernel: kernel_agent: R8: x2apic_id, if leaf version > 0: 0x0
2024-11-25T14:27:59.093012+08:00 DXH-104-059 kernel: kernel_agent: kvm __seamcall_ret: TDH_VP_WR ------------------------------------ 
2024-11-25T14:27:59.093013+08:00 DXH-104-059 kernel: kernel_agent: RCX: tdvpr pa: 0x11e637000
2024-11-25T14:27:59.093015+08:00 DXH-104-059 kernel: kernel_agent: RDX: field identifier: 0x2
2024-11-25T14:27:59.093017+08:00 DXH-104-059 kernel: kernel_agent: R8: field value: 0xf2
2024-11-25T14:27:59.093019+08:00 DXH-104-059 kernel: kernel_agent: R9: 64b write mask: 0xffff
2024-11-25T14:27:59.093021+08:00 DXH-104-059 kernel: kernel_agent: kvm __seamcall_ret: TDH_VP_WR ------------------------------------ 
2024-11-25T14:27:59.093023+08:00 DXH-104-059 kernel: kernel_agent: RCX: tdvpr pa: 0x11e637000
2024-11-25T14:27:59.093025+08:00 DXH-104-059 kernel: kernel_agent: RDX: field identifier: 0x2016
2024-11-25T14:27:59.093026+08:00 DXH-104-059 kernel: kernel_agent: R8: field value: 0x20075be40
2024-11-25T14:27:59.093028+08:00 DXH-104-059 kernel: kernel_agent: R9: 64b write mask: 0xffffffffffffffff
2024-11-25T14:27:59.093030+08:00 DXH-104-059 kernel: kernel_agent: kvm __seamcall_ret: TDH_VP_WR ------------------------------------ 
2024-11-25T14:27:59.093032+08:00 DXH-104-059 kernel: kernel_agent: RCX: tdvpr pa: 0x11e637000
2024-11-25T14:27:59.093034+08:00 DXH-104-059 kernel: kernel_agent: RDX: field identifier: 0x4000
2024-11-25T14:27:59.093035+08:00 DXH-104-059 kernel: kernel_agent: R8: field value: 0x80
2024-11-25T14:27:59.093037+08:00 DXH-104-059 kernel: kernel_agent: R9: 64b write mask: 0x80
2024-11-25T14:27:59.093052+08:00 DXH-104-059 kernel: kernel_agent: hooked  tdx_vcpu_ioctl() 
2024-11-25T14:27:59.093053+08:00 DXH-104-059 kernel: kernel_agent: ioctl: KVM_TDX_INIT_VCPU
2024-11-25T14:27:59.093055+08:00 DXH-104-059 kernel: 
2024-11-25T14:27:59.093056+08:00 DXH-104-059 kernel: kernel_agent: kvm __seamcall(): TDH_VP_CREATE ------------------------------------ 
2024-11-25T14:27:59.093057+08:00 DXH-104-059 kernel: kernel_agent: RCX: to add tdvpr page pa: 0x1c0c7a000
2024-11-25T14:27:59.093058+08:00 DXH-104-059 kernel: kernel_agent: RDX: tdr pa: 0x1f9040000
2024-11-25T14:27:59.093059+08:00 DXH-104-059 kernel: kernel_agent: kvm __seamcall(): TDH_VP_ADDCX ------------------------------------ 
2024-11-25T14:27:59.093061+08:00 DXH-104-059 kernel: kernel_agent: RCX: to add tdcx page pa: 0x1e323b000
2024-11-25T14:27:59.093062+08:00 DXH-104-059 kernel: kernel_agent: RDX: tdvpr pa: 0x1c0c7a000
2024-11-25T14:27:59.093069+08:00 DXH-104-059 kernel: kernel_agent: kvm __seamcall(): TDH_VP_ADDCX ------------------------------------ 
2024-11-25T14:27:59.093070+08:00 DXH-104-059 kernel: kernel_agent: RCX: to add tdcx page pa: 0x1d72c5000
2024-11-25T14:27:59.093071+08:00 DXH-104-059 kernel: kernel_agent: RDX: tdvpr pa: 0x1c0c7a000
2024-11-25T14:27:59.093676+08:00 DXH-104-059 kernel: kernel_agent: kvm __seamcall(): TDH_VP_ADDCX ------------------------------------ 
2024-11-25T14:27:59.093701+08:00 DXH-104-059 kernel: kernel_agent: RCX: to add tdcx page pa: 0x10f524000
2024-11-25T14:27:59.093704+08:00 DXH-104-059 kernel: kernel_agent: RDX: tdvpr pa: 0x1c0c7a000
2024-11-25T14:27:59.093706+08:00 DXH-104-059 kernel: kernel_agent: kvm __seamcall(): TDH_VP_ADDCX ------------------------------------ 
2024-11-25T14:27:59.093708+08:00 DXH-104-059 kernel: kernel_agent: RCX: to add tdcx page pa: 0x11c57a000
2024-11-25T14:27:59.093709+08:00 DXH-104-059 kernel: kernel_agent: RDX: tdvpr pa: 0x1c0c7a000
2024-11-25T14:27:59.093711+08:00 DXH-104-059 kernel: kernel_agent: kvm __seamcall(): TDH_VP_ADDCX ------------------------------------ 
2024-11-25T14:27:59.093712+08:00 DXH-104-059 kernel: kernel_agent: RCX: to add tdcx page pa: 0x1f90a1000
2024-11-25T14:27:59.093714+08:00 DXH-104-059 kernel: kernel_agent: RDX: tdvpr pa: 0x1c0c7a000
2024-11-25T14:27:59.093715+08:00 DXH-104-059 kernel: kernel_agent: kvm __seamcall(): TDH_VP_INIT ------------------------------------ 
2024-11-25T14:27:59.093716+08:00 DXH-104-059 kernel: kernel_agent: RCX: tdvpr pa: 0x1c0c7a000
2024-11-25T14:27:59.093718+08:00 DXH-104-059 kernel: kernel_agent: RDX: td initial vcpu rcx: 0x809000
2024-11-25T14:27:59.093719+08:00 DXH-104-059 kernel: kernel_agent: R8: x2apic_id, if leaf version > 0: 0x0
2024-11-25T14:27:59.093721+08:00 DXH-104-059 kernel: kernel_agent: kvm __seamcall_ret: TDH_VP_WR ------------------------------------ 
2024-11-25T14:27:59.093722+08:00 DXH-104-059 kernel: kernel_agent: RCX: tdvpr pa: 0x1c0c7a000
2024-11-25T14:27:59.093723+08:00 DXH-104-059 kernel: kernel_agent: RDX: field identifier: 0x2
2024-11-25T14:27:59.093725+08:00 DXH-104-059 kernel: kernel_agent: R8: field value: 0xf2
2024-11-25T14:27:59.093726+08:00 DXH-104-059 kernel: kernel_agent: R9: 64b write mask: 0xffff
2024-11-25T14:27:59.093728+08:00 DXH-104-059 kernel: kernel_agent: kvm __seamcall_ret: TDH_VP_WR ------------------------------------ 
2024-11-25T14:27:59.093729+08:00 DXH-104-059 kernel: kernel_agent: RCX: tdvpr pa: 0x1c0c7a000
2024-11-25T14:27:59.093730+08:00 DXH-104-059 kernel: kernel_agent: RDX: field identifier: 0x2016
2024-11-25T14:27:59.093731+08:00 DXH-104-059 kernel: kernel_agent: R8: field value: 0x1ff6e3e40
2024-11-25T14:27:59.093733+08:00 DXH-104-059 kernel: kernel_agent: R9: 64b write mask: 0xffffffffffffffff
2024-11-25T14:27:59.093734+08:00 DXH-104-059 kernel: kernel_agent: kvm __seamcall_ret: TDH_VP_WR ------------------------------------ 
2024-11-25T14:27:59.093736+08:00 DXH-104-059 kernel: kernel_agent: RCX: tdvpr pa: 0x1c0c7a000
2024-11-25T14:27:59.093737+08:00 DXH-104-059 kernel: kernel_agent: RDX: field identifier: 0x4000
2024-11-25T14:27:59.093738+08:00 DXH-104-059 kernel: kernel_agent: R8: field value: 0x80
2024-11-25T14:27:59.093740+08:00 DXH-104-059 kernel: kernel_agent: R9: 64b write mask: 0x80
2024-11-25T14:27:59.093741+08:00 DXH-104-059 kernel: kernel_agent: hooked  tdx_vcpu_ioctl() 
2024-11-25T14:27:59.093742+08:00 DXH-104-059 kernel: kernel_agent: ioctl: KVM_TDX_INIT_VCPU
2024-11-25T14:27:59.093744+08:00 DXH-104-059 kernel: 
2024-11-25T14:27:59.093746+08:00 DXH-104-059 kernel: kernel_agent: kvm __seamcall(): TDH_VP_CREATE ------------------------------------ 
2024-11-25T14:27:59.093747+08:00 DXH-104-059 kernel: kernel_agent: RCX: to add tdvpr page pa: 0x1e41b3000
2024-11-25T14:27:59.093748+08:00 DXH-104-059 kernel: kernel_agent: RDX: tdr pa: 0x1f9040000
2024-11-25T14:27:59.093750+08:00 DXH-104-059 kernel: kernel_agent: kvm __seamcall(): TDH_VP_ADDCX ------------------------------------ 
2024-11-25T14:27:59.093751+08:00 DXH-104-059 kernel: kernel_agent: RCX: to add tdcx page pa: 0x1f379b000
2024-11-25T14:27:59.093752+08:00 DXH-104-059 kernel: kernel_agent: RDX: tdvpr pa: 0x1e41b3000
2024-11-25T14:27:59.093754+08:00 DXH-104-059 kernel: kernel_agent: kvm __seamcall(): TDH_VP_ADDCX ------------------------------------ 
2024-11-25T14:27:59.093755+08:00 DXH-104-059 kernel: kernel_agent: RCX: to add tdcx page pa: 0x154422000
2024-11-25T14:27:59.093756+08:00 DXH-104-059 kernel: kernel_agent: RDX: tdvpr pa: 0x1e41b3000
2024-11-25T14:27:59.093757+08:00 DXH-104-059 kernel: kernel_agent: kvm __seamcall(): TDH_VP_ADDCX ------------------------------------ 
2024-11-25T14:27:59.093759+08:00 DXH-104-059 kernel: kernel_agent: RCX: to add tdcx page pa: 0x1e49aa000
2024-11-25T14:27:59.093760+08:00 DXH-104-059 kernel: kernel_agent: RDX: tdvpr pa: 0x1e41b3000
2024-11-25T14:27:59.093762+08:00 DXH-104-059 kernel: kernel_agent: kvm __seamcall(): TDH_VP_ADDCX ------------------------------------ 
2024-11-25T14:27:59.093763+08:00 DXH-104-059 kernel: kernel_agent: RCX: to add tdcx page pa: 0x1c1a7b000
2024-11-25T14:27:59.093764+08:00 DXH-104-059 kernel: kernel_agent: RDX: tdvpr pa: 0x1e41b3000
2024-11-25T14:27:59.093765+08:00 DXH-104-059 kernel: kernel_agent: kvm __seamcall(): TDH_VP_ADDCX ------------------------------------ 
2024-11-25T14:27:59.093767+08:00 DXH-104-059 kernel: kernel_agent: RCX: to add tdcx page pa: 0x1ffb9a000
2024-11-25T14:27:59.093768+08:00 DXH-104-059 kernel: kernel_agent: RDX: tdvpr pa: 0x1e41b3000
2024-11-25T14:27:59.093769+08:00 DXH-104-059 kernel: kernel_agent: kvm __seamcall(): TDH_VP_INIT ------------------------------------ 
2024-11-25T14:27:59.093771+08:00 DXH-104-059 kernel: kernel_agent: RCX: tdvpr pa: 0x1e41b3000
2024-11-25T14:27:59.093773+08:00 DXH-104-059 kernel: kernel_agent: RDX: td initial vcpu rcx: 0x809000
2024-11-25T14:27:59.093774+08:00 DXH-104-059 kernel: kernel_agent: R8: x2apic_id, if leaf version > 0: 0x0
2024-11-25T14:27:59.093775+08:00 DXH-104-059 kernel: kernel_agent: kvm __seamcall_ret: TDH_VP_WR ------------------------------------ 
2024-11-25T14:27:59.093776+08:00 DXH-104-059 kernel: kernel_agent: RCX: tdvpr pa: 0x1e41b3000
2024-11-25T14:27:59.093778+08:00 DXH-104-059 kernel: kernel_agent: RDX: field identifier: 0x2
2024-11-25T14:27:59.093779+08:00 DXH-104-059 kernel: kernel_agent: R8: field value: 0xf2
2024-11-25T14:27:59.093781+08:00 DXH-104-059 kernel: kernel_agent: R9: 64b write mask: 0xffff
2024-11-25T14:27:59.093782+08:00 DXH-104-059 kernel: kernel_agent: kvm __seamcall_ret: TDH_VP_WR ------------------------------------ 
2024-11-25T14:27:59.093783+08:00 DXH-104-059 kernel: kernel_agent: RCX: tdvpr pa: 0x1e41b3000
2024-11-25T14:27:59.093784+08:00 DXH-104-059 kernel: kernel_agent: RDX: field identifier: 0x2016
2024-11-25T14:27:59.093786+08:00 DXH-104-059 kernel: kernel_agent: R8: field value: 0x1e4b89a40
2024-11-25T14:27:59.093787+08:00 DXH-104-059 kernel: kernel_agent: R9: 64b write mask: 0xffffffffffffffff
2024-11-25T14:27:59.093788+08:00 DXH-104-059 kernel: kernel_agent: kvm __seamcall_ret: TDH_VP_WR ------------------------------------ 
2024-11-25T14:27:59.093789+08:00 DXH-104-059 kernel: kernel_agent: RCX: tdvpr pa: 0x1e41b3000
2024-11-25T14:27:59.093791+08:00 DXH-104-059 kernel: kernel_agent: RDX: field identifier: 0x4000
2024-11-25T14:27:59.093792+08:00 DXH-104-059 kernel: kernel_agent: R8: field value: 0x80
2024-11-25T14:27:59.093793+08:00 DXH-104-059 kernel: kernel_agent: R9: 64b write mask: 0x80
2024-11-25T14:27:59.093795+08:00 DXH-104-059 kernel: kernel_agent: hooked  tdx_vcpu_ioctl() 
2024-11-25T14:27:59.093796+08:00 DXH-104-059 kernel: kernel_agent: ioctl: KVM_TDX_INIT_VCPU
2024-11-25T14:27:59.093797+08:00 DXH-104-059 kernel: 
2024-11-25T14:27:59.093799+08:00 DXH-104-059 kernel: kernel_agent: kvm __seamcall(): TDH_VP_CREATE ------------------------------------ 
2024-11-25T14:27:59.093800+08:00 DXH-104-059 kernel: kernel_agent: RCX: to add tdvpr page pa: 0x204482000
2024-11-25T14:27:59.093801+08:00 DXH-104-059 kernel: kernel_agent: RDX: tdr pa: 0x1f9040000
2024-11-25T14:27:59.093803+08:00 DXH-104-059 kernel: kernel_agent: kvm __seamcall(): TDH_VP_ADDCX ------------------------------------ 
2024-11-25T14:27:59.093804+08:00 DXH-104-059 kernel: kernel_agent: RCX: to add tdcx page pa: 0x1d7357000
2024-11-25T14:27:59.093805+08:00 DXH-104-059 kernel: kernel_agent: RDX: tdvpr pa: 0x204482000
2024-11-25T14:27:59.093806+08:00 DXH-104-059 kernel: kernel_agent: kvm __seamcall(): TDH_VP_ADDCX ------------------------------------ 
2024-11-25T14:27:59.093808+08:00 DXH-104-059 kernel: kernel_agent: RCX: to add tdcx page pa: 0x1e47c4000
2024-11-25T14:27:59.093809+08:00 DXH-104-059 kernel: kernel_agent: RDX: tdvpr pa: 0x204482000
2024-11-25T14:27:59.093810+08:00 DXH-104-059 kernel: kernel_agent: kvm __seamcall(): TDH_VP_ADDCX ------------------------------------ 
2024-11-25T14:27:59.093812+08:00 DXH-104-059 kernel: kernel_agent: RCX: to add tdcx page pa: 0x1e737d000
2024-11-25T14:27:59.093813+08:00 DXH-104-059 kernel: kernel_agent: RDX: tdvpr pa: 0x204482000
2024-11-25T14:27:59.093814+08:00 DXH-104-059 kernel: kernel_agent: kvm __seamcall(): TDH_VP_ADDCX ------------------------------------ 
2024-11-25T14:27:59.093815+08:00 DXH-104-059 kernel: kernel_agent: RCX: to add tdcx page pa: 0x1e3283000
2024-11-25T14:27:59.093816+08:00 DXH-104-059 kernel: kernel_agent: RDX: tdvpr pa: 0x204482000
2024-11-25T14:27:59.093850+08:00 DXH-104-059 kernel: kernel_agent: kvm __seamcall(): TDH_VP_ADDCX ------------------------------------ 
2024-11-25T14:27:59.093852+08:00 DXH-104-059 kernel: kernel_agent: RCX: to add tdcx page pa: 0x1e49a1000
2024-11-25T14:27:59.093854+08:00 DXH-104-059 kernel: kernel_agent: RDX: tdvpr pa: 0x204482000
2024-11-25T14:27:59.093855+08:00 DXH-104-059 kernel: kernel_agent: kvm __seamcall(): TDH_VP_INIT ------------------------------------ 
2024-11-25T14:27:59.093856+08:00 DXH-104-059 kernel: kernel_agent: RCX: tdvpr pa: 0x204482000
2024-11-25T14:27:59.093858+08:00 DXH-104-059 kernel: kernel_agent: RDX: td initial vcpu rcx: 0x809000
2024-11-25T14:27:59.093859+08:00 DXH-104-059 kernel: kernel_agent: R8: x2apic_id, if leaf version > 0: 0x0
2024-11-25T14:27:59.093861+08:00 DXH-104-059 kernel: kernel_agent: kvm __seamcall_ret: TDH_VP_WR ------------------------------------ 
2024-11-25T14:27:59.093863+08:00 DXH-104-059 kernel: kernel_agent: RCX: tdvpr pa: 0x204482000
2024-11-25T14:27:59.093865+08:00 DXH-104-059 kernel: kernel_agent: RDX: field identifier: 0x2
2024-11-25T14:27:59.093867+08:00 DXH-104-059 kernel: kernel_agent: R8: field value: 0xf2
2024-11-25T14:27:59.093869+08:00 DXH-104-059 kernel: kernel_agent: R9: 64b write mask: 0xffff
2024-11-25T14:27:59.093871+08:00 DXH-104-059 kernel: kernel_agent: kvm __seamcall_ret: TDH_VP_WR ------------------------------------ 
2024-11-25T14:27:59.093873+08:00 DXH-104-059 kernel: kernel_agent: RCX: tdvpr pa: 0x204482000
2024-11-25T14:27:59.093875+08:00 DXH-104-059 kernel: kernel_agent: RDX: field identifier: 0x2016
2024-11-25T14:27:59.093876+08:00 DXH-104-059 kernel: kernel_agent: R8: field value: 0x203989a40
2024-11-25T14:27:59.093878+08:00 DXH-104-059 kernel: kernel_agent: R9: 64b write mask: 0xffffffffffffffff
2024-11-25T14:27:59.093880+08:00 DXH-104-059 kernel: kernel_agent: kvm __seamcall_ret: TDH_VP_WR ------------------------------------ 
2024-11-25T14:27:59.093882+08:00 DXH-104-059 kernel: kernel_agent: RCX: tdvpr pa: 0x204482000
2024-11-25T14:27:59.093884+08:00 DXH-104-059 kernel: kernel_agent: RDX: field identifier: 0x4000
2024-11-25T14:27:59.093886+08:00 DXH-104-059 kernel: kernel_agent: R8: field value: 0x80
2024-11-25T14:27:59.093888+08:00 DXH-104-059 kernel: kernel_agent: R9: 64b write mask: 0x80
2024-11-25T14:27:59.093898+08:00 DXH-104-059 kernel: kernel_agent: hooked  tdx_vcpu_ioctl() 
2024-11-25T14:27:59.093900+08:00 DXH-104-059 kernel: kernel_agent: ioctl: KVM_TDX_INIT_VCPU
2024-11-25T14:27:59.093902+08:00 DXH-104-059 kernel: 
2024-11-25T14:27:59.093904+08:00 DXH-104-059 kernel: kernel_agent: kvm __seamcall(): TDH_VP_CREATE ------------------------------------ 
2024-11-25T14:27:59.093906+08:00 DXH-104-059 kernel: kernel_agent: RCX: to add tdvpr page pa: 0x14d100000
2024-11-25T14:27:59.093908+08:00 DXH-104-059 kernel: kernel_agent: RDX: tdr pa: 0x1f9040000
2024-11-25T14:27:59.093916+08:00 DXH-104-059 kernel: kernel_agent: kvm __seamcall(): TDH_VP_ADDCX ------------------------------------ 
2024-11-25T14:27:59.093918+08:00 DXH-104-059 kernel: kernel_agent: RCX: to add tdcx page pa: 0x1f7899000
2024-11-25T14:27:59.093920+08:00 DXH-104-059 kernel: kernel_agent: RDX: tdvpr pa: 0x14d100000
2024-11-25T14:27:59.093927+08:00 DXH-104-059 kernel: kernel_agent: kvm __seamcall(): TDH_VP_ADDCX ------------------------------------ 
2024-11-25T14:27:59.093933+08:00 DXH-104-059 kernel: kernel_agent: RCX: to add tdcx page pa: 0x10c9b1000
2024-11-25T14:27:59.093935+08:00 DXH-104-059 kernel: kernel_agent: RDX: tdvpr pa: 0x14d100000
2024-11-25T14:27:59.094634+08:00 DXH-104-059 kernel: kernel_agent: kvm __seamcall(): TDH_VP_ADDCX ------------------------------------ 
2024-11-25T14:27:59.094659+08:00 DXH-104-059 kernel: kernel_agent: RCX: to add tdcx page pa: 0x12b1a5000
2024-11-25T14:27:59.094661+08:00 DXH-104-059 kernel: kernel_agent: RDX: tdvpr pa: 0x14d100000
2024-11-25T14:27:59.094663+08:00 DXH-104-059 kernel: kernel_agent: kvm __seamcall(): TDH_VP_ADDCX ------------------------------------ 
2024-11-25T14:27:59.094665+08:00 DXH-104-059 kernel: kernel_agent: RCX: to add tdcx page pa: 0x14d918000
2024-11-25T14:27:59.094667+08:00 DXH-104-059 kernel: kernel_agent: RDX: tdvpr pa: 0x14d100000
2024-11-25T14:27:59.094668+08:00 DXH-104-059 kernel: kernel_agent: kvm __seamcall(): TDH_VP_ADDCX ------------------------------------ 
2024-11-25T14:27:59.094669+08:00 DXH-104-059 kernel: kernel_agent: RCX: to add tdcx page pa: 0x10bcf3000
2024-11-25T14:27:59.094671+08:00 DXH-104-059 kernel: kernel_agent: RDX: tdvpr pa: 0x14d100000
2024-11-25T14:27:59.094673+08:00 DXH-104-059 kernel: kernel_agent: kvm __seamcall(): TDH_VP_INIT ------------------------------------ 
2024-11-25T14:27:59.094674+08:00 DXH-104-059 kernel: kernel_agent: RCX: tdvpr pa: 0x14d100000
2024-11-25T14:27:59.094676+08:00 DXH-104-059 kernel: kernel_agent: RDX: td initial vcpu rcx: 0x809000
2024-11-25T14:27:59.094677+08:00 DXH-104-059 kernel: kernel_agent: R8: x2apic_id, if leaf version > 0: 0x0
2024-11-25T14:27:59.094678+08:00 DXH-104-059 kernel: kernel_agent: kvm __seamcall_ret: TDH_VP_WR ------------------------------------ 
2024-11-25T14:27:59.094679+08:00 DXH-104-059 kernel: kernel_agent: RCX: tdvpr pa: 0x14d100000
2024-11-25T14:27:59.094681+08:00 DXH-104-059 kernel: kernel_agent: RDX: field identifier: 0x2
2024-11-25T14:27:59.094682+08:00 DXH-104-059 kernel: kernel_agent: R8: field value: 0xf2
2024-11-25T14:27:59.094684+08:00 DXH-104-059 kernel: kernel_agent: R9: 64b write mask: 0xffff
2024-11-25T14:27:59.094685+08:00 DXH-104-059 kernel: kernel_agent: kvm __seamcall_ret: TDH_VP_WR ------------------------------------ 
2024-11-25T14:27:59.094687+08:00 DXH-104-059 kernel: kernel_agent: RCX: tdvpr pa: 0x14d100000
2024-11-25T14:27:59.094688+08:00 DXH-104-059 kernel: kernel_agent: RDX: field identifier: 0x2016
2024-11-25T14:27:59.094689+08:00 DXH-104-059 kernel: kernel_agent: R8: field value: 0x2047f3e40
2024-11-25T14:27:59.094690+08:00 DXH-104-059 kernel: kernel_agent: R9: 64b write mask: 0xffffffffffffffff
2024-11-25T14:27:59.094692+08:00 DXH-104-059 kernel: kernel_agent: kvm __seamcall_ret: TDH_VP_WR ------------------------------------ 
2024-11-25T14:27:59.094693+08:00 DXH-104-059 kernel: kernel_agent: RCX: tdvpr pa: 0x14d100000
2024-11-25T14:27:59.094694+08:00 DXH-104-059 kernel: kernel_agent: RDX: field identifier: 0x4000
2024-11-25T14:27:59.094696+08:00 DXH-104-059 kernel: kernel_agent: R8: field value: 0x80
2024-11-25T14:27:59.094697+08:00 DXH-104-059 kernel: kernel_agent: R9: 64b write mask: 0x80
2024-11-25T14:27:59.094698+08:00 DXH-104-059 kernel: kernel_agent: kvm __seamcall_ret: TDH_VP_WR ------------------------------------ 
2024-11-25T14:27:59.094700+08:00 DXH-104-059 kernel: kernel_agent: RCX: tdvpr pa: 0x11df52000
2024-11-25T14:27:59.094701+08:00 DXH-104-059 kernel: kernel_agent: RDX: field identifier: 0x203c
2024-11-25T14:27:59.094703+08:00 DXH-104-059 kernel: kernel_agent: R8: field value: 0x1e3f99000
2024-11-25T14:27:59.094704+08:00 DXH-104-059 kernel: kernel_agent: R9: 64b write mask: 0xffffffffffffffff
2024-11-25T14:27:59.095557+08:00 DXH-104-059 kernel: kernel_agent: kvm __seamcall_ret: TDH_MEM_SEPT_ADD ------------------------------------ 
2024-11-25T14:27:59.095566+08:00 DXH-104-059 kernel: kernel_agent: RCX: level: 4 gpa: 0x0
2024-11-25T14:27:59.095568+08:00 DXH-104-059 kernel: kernel_agent: RDX: allow_existing: 0 tdr pa: 0x1f9040000
2024-11-25T14:27:59.095570+08:00 DXH-104-059 kernel: kernel_agent: R8: sept page pa: 0x1c0b6c000
2024-11-25T14:27:59.095571+08:00 DXH-104-059 kernel: kernel_agent: R9: L2 vm#1 sept page pa: 0x0
2024-11-25T14:27:59.095573+08:00 DXH-104-059 kernel: kernel_agent: R10: L2 vm#2 sept page pa: 0x0
2024-11-25T14:27:59.095574+08:00 DXH-104-059 kernel: kernel_agent: R11: L2 vm#3 sept page pa: 0x0
2024-11-25T14:27:59.095576+08:00 DXH-104-059 kernel: kernel_agent: kvm __seamcall_ret: TDH_MEM_SEPT_ADD ------------------------------------ 
2024-11-25T14:27:59.095578+08:00 DXH-104-059 kernel: kernel_agent: RCX: level: 3 gpa: 0x0
2024-11-25T14:27:59.095579+08:00 DXH-104-059 kernel: kernel_agent: RDX: allow_existing: 0 tdr pa: 0x1f9040000
2024-11-25T14:27:59.095581+08:00 DXH-104-059 kernel: kernel_agent: R8: sept page pa: 0x152f4c000
2024-11-25T14:27:59.095582+08:00 DXH-104-059 kernel: kernel_agent: R9: L2 vm#1 sept page pa: 0x0
2024-11-25T14:27:59.095583+08:00 DXH-104-059 kernel: kernel_agent: R10: L2 vm#2 sept page pa: 0x0
2024-11-25T14:27:59.095585+08:00 DXH-104-059 kernel: kernel_agent: R11: L2 vm#3 sept page pa: 0x0
2024-11-25T14:27:59.095586+08:00 DXH-104-059 kernel: kernel_agent: kvm __seamcall_ret: TDH_MEM_SEPT_ADD ------------------------------------ 
2024-11-25T14:27:59.095587+08:00 DXH-104-059 kernel: kernel_agent: RCX: level: 2 gpa: 0xc0000000
2024-11-25T14:27:59.095589+08:00 DXH-104-059 kernel: kernel_agent: RDX: allow_existing: 0 tdr pa: 0x1f9040000
2024-11-25T14:27:59.095590+08:00 DXH-104-059 kernel: kernel_agent: R8: sept page pa: 0x13bc81000
2024-11-25T14:27:59.095592+08:00 DXH-104-059 kernel: kernel_agent: R9: L2 vm#1 sept page pa: 0x0
2024-11-25T14:27:59.095593+08:00 DXH-104-059 kernel: kernel_agent: R10: L2 vm#2 sept page pa: 0x0
2024-11-25T14:27:59.095594+08:00 DXH-104-059 kernel: kernel_agent: R11: L2 vm#3 sept page pa: 0x0
2024-11-25T14:27:59.095596+08:00 DXH-104-059 kernel: kernel_agent: kvm __seamcall_ret: TDH_MEM_SEPT_ADD ------------------------------------ 
2024-11-25T14:27:59.095597+08:00 DXH-104-059 kernel: kernel_agent: RCX: level: 1 gpa: 0xffc00000
2024-11-25T14:27:59.095599+08:00 DXH-104-059 kernel: kernel_agent: RDX: allow_existing: 0 tdr pa: 0x1f9040000
2024-11-25T14:27:59.095600+08:00 DXH-104-059 kernel: kernel_agent: R8: sept page pa: 0x1f3631000
2024-11-25T14:27:59.095601+08:00 DXH-104-059 kernel: kernel_agent: R9: L2 vm#1 sept page pa: 0x0
2024-11-25T14:27:59.095602+08:00 DXH-104-059 kernel: kernel_agent: R10: L2 vm#2 sept page pa: 0x0
2024-11-25T14:27:59.095604+08:00 DXH-104-059 kernel: kernel_agent: R11: L2 vm#3 sept page pa: 0x0
2024-11-25T14:27:59.095605+08:00 DXH-104-059 kernel: kernel_agent: kvm __seamcall_ret: TDH_MEM_PAGE_ADD ------------------------------------ 
2024-11-25T14:27:59.095607+08:00 DXH-104-059 kernel: kernel_agent: RCX: level: 0 gpa: 0xffc84000
2024-11-25T14:27:59.095608+08:00 DXH-104-059 kernel: kernel_agent: RDX: tdr pa: 0x1f9040000
2024-11-25T14:27:59.095610+08:00 DXH-104-059 kernel: kernel_agent: R8: to add td page pa: 0x208c84000
2024-11-25T14:27:59.095611+08:00 DXH-104-059 kernel: kernel_agent: R9: source page pa: 0x208684000
2024-11-25T14:27:59.095612+08:00 DXH-104-059 kernel: kernel_agent: kvm __seamcall_ret: TDH_MEM_PAGE_ADD ------------------------------------ 
2024-11-25T14:27:59.095614+08:00 DXH-104-059 kernel: kernel_agent: RCX: level: 0 gpa: 0xffc85000
2024-11-25T14:27:59.095615+08:00 DXH-104-059 kernel: kernel_agent: RDX: tdr pa: 0x1f9040000
2024-11-25T14:27:59.095616+08:00 DXH-104-059 kernel: kernel_agent: R8: to add td page pa: 0x208c85000
2024-11-25T14:27:59.095617+08:00 DXH-104-059 kernel: kernel_agent: R9: source page pa: 0x208685000
2024-11-25T14:27:59.095619+08:00 DXH-104-059 kernel: kernel_agent: kvm __seamcall_ret: TDH_MEM_PAGE_ADD ------------------------------------ 
2024-11-25T14:27:59.095620+08:00 DXH-104-059 kernel: kernel_agent: RCX: level: 0 gpa: 0xffc86000
2024-11-25T14:27:59.095622+08:00 DXH-104-059 kernel: kernel_agent: RDX: tdr pa: 0x1f9040000
2024-11-25T14:27:59.095623+08:00 DXH-104-059 kernel: kernel_agent: R8: to add td page pa: 0x208c86000
2024-11-25T14:27:59.095624+08:00 DXH-104-059 kernel: kernel_agent: R9: source page pa: 0x208686000
2024-11-25T14:27:59.095625+08:00 DXH-104-059 kernel: kernel_agent: kvm __seamcall_ret: TDH_MEM_PAGE_ADD ------------------------------------ 
2024-11-25T14:27:59.095627+08:00 DXH-104-059 kernel: kernel_agent: RCX: level: 0 gpa: 0xffc87000
2024-11-25T14:27:59.095628+08:00 DXH-104-059 kernel: kernel_agent: RDX: tdr pa: 0x1f9040000
2024-11-25T14:27:59.095630+08:00 DXH-104-059 kernel: kernel_agent: R8: to add td page pa: 0x208c87000
2024-11-25T14:27:59.095631+08:00 DXH-104-059 kernel: kernel_agent: R9: source page pa: 0x208687000
2024-11-25T14:27:59.095632+08:00 DXH-104-059 kernel: kernel_agent: kvm __seamcall_ret: TDH_MEM_PAGE_ADD ------------------------------------ 
2024-11-25T14:27:59.095634+08:00 DXH-104-059 kernel: kernel_agent: RCX: level: 0 gpa: 0xffc88000
2024-11-25T14:27:59.095635+08:00 DXH-104-059 kernel: kernel_agent: RDX: tdr pa: 0x1f9040000
2024-11-25T14:27:59.095636+08:00 DXH-104-059 kernel: kernel_agent: R8: to add td page pa: 0x208c88000
2024-11-25T14:27:59.095638+08:00 DXH-104-059 kernel: kernel_agent: R9: source page pa: 0x208688000
2024-11-25T14:27:59.095639+08:00 DXH-104-059 kernel: kernel_agent: kvm __seamcall_ret: TDH_MEM_PAGE_ADD ------------------------------------ 
2024-11-25T14:27:59.103632+08:00 DXH-104-059 kernel: message repeated 374 times: [ kernel_agent: kvm __seamcall_ret: TDH_MEM_PAGE_ADD ------------------------------------ ]
2024-11-25T14:27:59.104612+08:00 DXH-104-059 kernel: kernel_agent: kvm __seamcall_ret: TDH_MEM_SEPT_ADD ------------------------------------ 
2024-11-25T14:27:59.104649+08:00 DXH-104-059 kernel: kernel_agent: RCX: level: 1 gpa: 0xffe00000
2024-11-25T14:27:59.104651+08:00 DXH-104-059 kernel: kernel_agent: RDX: allow_existing: 0 tdr pa: 0x1f9040000
2024-11-25T14:27:59.104653+08:00 DXH-104-059 kernel: kernel_agent: R8: sept page pa: 0x1ed6e8000
2024-11-25T14:27:59.104655+08:00 DXH-104-059 kernel: kernel_agent: R9: L2 vm#1 sept page pa: 0x0
2024-11-25T14:27:59.104656+08:00 DXH-104-059 kernel: kernel_agent: R10: L2 vm#2 sept page pa: 0x0
2024-11-25T14:27:59.104658+08:00 DXH-104-059 kernel: kernel_agent: R11: L2 vm#3 sept page pa: 0x0
2024-11-25T14:27:59.104659+08:00 DXH-104-059 kernel: kernel_agent: kvm __seamcall_ret: TDH_MEM_PAGE_ADD ------------------------------------ 
2024-11-25T14:27:59.113728+08:00 DXH-104-059 kernel: message repeated 511 times: [ kernel_agent: kvm __seamcall_ret: TDH_MEM_PAGE_ADD ------------------------------------ ]
2024-11-25T14:27:59.113735+08:00 DXH-104-059 kernel: kernel_agent: hooked  tdx_vm_ioctl() 
2024-11-25T14:27:59.113759+08:00 DXH-104-059 kernel: kernel_agent: ioctl: KVM_TDX_EXTEND_MEMORY
2024-11-25T14:27:59.113772+08:00 DXH-104-059 kernel: 
2024-11-25T14:27:59.113774+08:00 DXH-104-059 kernel: kernel_agent: kvm __seamcall_ret: TDH_MR_EXTEND ------------------------------------ 
2024-11-25T14:27:59.113776+08:00 DXH-104-059 kernel: kernel_agent: RCX: to be measured td page chunk gpa: 0xffc84000
2024-11-25T14:27:59.113778+08:00 DXH-104-059 kernel: kernel_agent: RDX: tdr pa: 0x1f9040000
2024-11-25T14:27:59.113780+08:00 DXH-104-059 kernel: kernel_agent: kvm __seamcall_ret: TDH_MR_EXTEND ------------------------------------ 
2024-11-25T14:27:59.113782+08:00 DXH-104-059 kernel: kernel_agent: RCX: to be measured td page chunk gpa: 0xffc84100
2024-11-25T14:27:59.113783+08:00 DXH-104-059 kernel: kernel_agent: RDX: tdr pa: 0x1f9040000
2024-11-25T14:27:59.113790+08:00 DXH-104-059 kernel: kernel_agent: kvm __seamcall_ret: TDH_MR_EXTEND ------------------------------------ 
2024-11-25T14:27:59.113792+08:00 DXH-104-059 kernel: kernel_agent: RCX: to be measured td page chunk gpa: 0xffc84200
2024-11-25T14:27:59.113793+08:00 DXH-104-059 kernel: kernel_agent: RDX: tdr pa: 0x1f9040000
2024-11-25T14:27:59.113800+08:00 DXH-104-059 kernel: kernel_agent: kvm __seamcall_ret: TDH_MR_EXTEND ------------------------------------ 
2024-11-25T14:27:59.113801+08:00 DXH-104-059 kernel: kernel_agent: RCX: to be measured td page chunk gpa: 0xffc84300
2024-11-25T14:27:59.113802+08:00 DXH-104-059 kernel: kernel_agent: RDX: tdr pa: 0x1f9040000
2024-11-25T14:27:59.114643+08:00 DXH-104-059 kernel: kernel_agent: kvm __seamcall_ret: TDH_MR_EXTEND ------------------------------------ 
2024-11-25T14:27:59.114668+08:00 DXH-104-059 kernel: kernel_agent: RCX: to be measured td page chunk gpa: 0xffc84400
2024-11-25T14:27:59.114670+08:00 DXH-104-059 kernel: kernel_agent: RDX: tdr pa: 0x1f9040000
2024-11-25T14:27:59.114672+08:00 DXH-104-059 kernel: kernel_agent: kvm __seamcall_ret: TDH_MR_EXTEND ------------------------------------ 
2024-11-25T14:27:59.232019+08:00 DXH-104-059 kernel: message repeated 14266 times: [ kernel_agent: kvm __seamcall_ret: TDH_MR_EXTEND ------------------------------------ ]
2024-11-25T14:27:59.232020+08:00 DXH-104-059 kernel: kernel_agent: kvm __seamcall_ret: TDH_MEM_PAGE_ADD ------------------------------------ 
2024-11-25T14:27:59.233696+08:00 DXH-104-059 kernel: message repeated 131 times: [ kernel_agent: kvm __seamcall_ret: TDH_MEM_PAGE_ADD ------------------------------------ ]
2024-11-25T14:27:59.233698+08:00 DXH-104-059 kernel: kernel_agent: kvm __seamcall_ret: TDH_MEM_SEPT_ADD ------------------------------------ 
2024-11-25T14:27:59.233721+08:00 DXH-104-059 kernel: kernel_agent: RCX: level: 2 gpa: 0x0
2024-11-25T14:27:59.233723+08:00 DXH-104-059 kernel: kernel_agent: RDX: allow_existing: 0 tdr pa: 0x1f9040000
2024-11-25T14:27:59.233725+08:00 DXH-104-059 kernel: kernel_agent: R8: sept page pa: 0x11ad7c000
2024-11-25T14:27:59.233727+08:00 DXH-104-059 kernel: kernel_agent: R9: L2 vm#1 sept page pa: 0x0
2024-11-25T14:27:59.233729+08:00 DXH-104-059 kernel: kernel_agent: R10: L2 vm#2 sept page pa: 0x0
2024-11-25T14:27:59.233731+08:00 DXH-104-059 kernel: kernel_agent: R11: L2 vm#3 sept page pa: 0x0
2024-11-25T14:27:59.233761+08:00 DXH-104-059 kernel: kernel_agent: kvm __seamcall_ret: TDH_MEM_SEPT_ADD ------------------------------------ 
2024-11-25T14:27:59.233763+08:00 DXH-104-059 kernel: kernel_agent: RCX: level: 1 gpa: 0x800000
2024-11-25T14:27:59.233764+08:00 DXH-104-059 kernel: kernel_agent: RDX: allow_existing: 0 tdr pa: 0x1f9040000
2024-11-25T14:27:59.233765+08:00 DXH-104-059 kernel: kernel_agent: R8: sept page pa: 0x1e7179000
2024-11-25T14:27:59.233767+08:00 DXH-104-059 kernel: kernel_agent: R9: L2 vm#1 sept page pa: 0x0
2024-11-25T14:27:59.233768+08:00 DXH-104-059 kernel: kernel_agent: R10: L2 vm#2 sept page pa: 0x0
2024-11-25T14:27:59.233769+08:00 DXH-104-059 kernel: kernel_agent: R11: L2 vm#3 sept page pa: 0x0
2024-11-25T14:27:59.233771+08:00 DXH-104-059 kernel: kernel_agent: kvm __seamcall_ret: TDH_MEM_PAGE_ADD ------------------------------------ 
2024-11-25T14:27:59.234614+08:00 DXH-104-059 kernel: message repeated 25 times: [ kernel_agent: kvm __seamcall_ret: TDH_MEM_PAGE_ADD ------------------------------------ ]
2024-11-25T14:27:59.234615+08:00 DXH-104-059 kernel: kernel_agent: hooked  tdx_vm_ioctl() 
2024-11-25T14:27:59.234640+08:00 DXH-104-059 kernel: kernel_agent: ioctl: KVM_TDX_FINALIZE_VM
2024-11-25T14:27:59.234642+08:00 DXH-104-059 kernel: 
2024-11-25T14:27:59.234644+08:00 DXH-104-059 kernel: kernel_agent: TD_FINALIZED

